[0.173s] DEBUG:colcon:Command line arguments: ['/usr/bin/colcon', 'build', '--packages-select', 'my_robot_base', '--symlink-install']
[0.174s] DEBUG:colcon:Parsed command line arguments: Namespace(log_base=None, log_level=None, verb_name='build', build_base='build', install_base='install', merge_install=False, symlink_install=True, test_result_base=None, continue_on_error=False, executor='parallel', parallel_workers=8, event_handlers=None, ignore_user_meta=False, metas=['./colcon.meta'], base_paths=['.'], packages_ignore=None, packages_ignore_regex=None, paths=None, packages_up_to=None, packages_up_to_regex=None, packages_above=None, packages_above_and_dependencies=None, packages_above_depth=None, packages_select_by_dep=None, packages_skip_by_dep=None, packages_skip_up_to=None, packages_select_build_failed=False, packages_skip_build_finished=False, packages_select_test_failures=False, packages_skip_test_passed=False, packages_select=['my_robot_base'], packages_skip=None, packages_select_regex=None, packages_skip_regex=None, packages_start=None, packages_end=None, allow_overriding=[], cmake_args=None, cmake_target=None, cmake_target_skip_unavailable=False, cmake_clean_cache=False, cmake_clean_first=False, cmake_force_configure=False, ament_cmake_args=None, catkin_cmake_args=None, catkin_skip_building_tests=False, verb_parser=<colcon_defaults.argument_parser.defaults.DefaultArgumentsDecorator object at 0xffff98d93520>, verb_extension=<colcon_core.verb.build.BuildVerb object at 0xffff98d930d0>, main=<bound method BuildVerb.main of <colcon_core.verb.build.BuildVerb object at 0xffff98d930d0>>)
[0.436s] Level 1:colcon.colcon_core.package_discovery:discover_packages(colcon_meta) check parameters
[0.436s] Level 1:colcon.colcon_core.package_discovery:discover_packages(recursive) check parameters
[0.436s] Level 1:colcon.colcon_core.package_discovery:discover_packages(ignore) check parameters
[0.436s] Level 1:colcon.colcon_core.package_discovery:discover_packages(path) check parameters
[0.436s] Level 1:colcon.colcon_core.package_discovery:discover_packages(colcon_meta) discover
[0.437s] Level 1:colcon.colcon_core.package_discovery:discover_packages(recursive) discover
[0.437s] INFO:colcon.colcon_core.package_discovery:Crawling recursively for packages in '/home/nvidia/proknee_ws'
[0.437s] Level 1:colcon.colcon_core.package_identification:_identify(.) by extensions ['ignore', 'ignore_ament_install']
[0.437s] Level 1:colcon.colcon_core.package_identification:_identify(.) by extension 'ignore'
[0.437s] Level 1:colcon.colcon_core.package_identification:_identify(.) by extension 'ignore_ament_install'
[0.437s] Level 1:colcon.colcon_core.package_identification:_identify(.) by extensions ['colcon_pkg']
[0.438s] Level 1:colcon.colcon_core.package_identification:_identify(.) by extension 'colcon_pkg'
[0.438s] Level 1:colcon.colcon_core.package_identification:_identify(.) by extensions ['colcon_meta']
[0.438s] Level 1:colcon.colcon_core.package_identification:_identify(.) by extension 'colcon_meta'
[0.438s] Level 1:colcon.colcon_core.package_identification:_identify(.) by extensions ['ros']
[0.438s] Level 1:colcon.colcon_core.package_identification:_identify(.) by extension 'ros'
[0.457s] Level 1:colcon.colcon_core.package_identification:_identify(.) by extensions ['cmake', 'python']
[0.457s] Level 1:colcon.colcon_core.package_identification:_identify(.) by extension 'cmake'
[0.457s] Level 1:colcon.colcon_core.package_identification:_identify(.) by extension 'python'
[0.457s] Level 1:colcon.colcon_core.package_identification:_identify(.) by extensions ['python_setup_py']
[0.457s] Level 1:colcon.colcon_core.package_identification:_identify(.) by extension 'python_setup_py'
[0.458s] Level 1:colcon.colcon_core.package_identification:_identify(build) by extensions ['ignore', 'ignore_ament_install']
[0.458s] Level 1:colcon.colcon_core.package_identification:_identify(build) by extension 'ignore'
[0.458s] Level 1:colcon.colcon_core.package_identification:_identify(build) ignored
[0.458s] Level 1:colcon.colcon_core.package_identification:_identify(install) by extensions ['ignore', 'ignore_ament_install']
[0.458s] Level 1:colcon.colcon_core.package_identification:_identify(install) by extension 'ignore'
[0.458s] Level 1:colcon.colcon_core.package_identification:_identify(install) ignored
[0.459s] Level 1:colcon.colcon_core.package_identification:_identify(log) by extensions ['ignore', 'ignore_ament_install']
[0.459s] Level 1:colcon.colcon_core.package_identification:_identify(log) by extension 'ignore'
[0.459s] Level 1:colcon.colcon_core.package_identification:_identify(log) ignored
[0.459s] Level 1:colcon.colcon_core.package_identification:_identify(src) by extensions ['ignore', 'ignore_ament_install']
[0.459s] Level 1:colcon.colcon_core.package_identification:_identify(src) by extension 'ignore'
[0.459s] Level 1:colcon.colcon_core.package_identification:_identify(src) by extension 'ignore_ament_install'
[0.459s] Level 1:colcon.colcon_core.package_identification:_identify(src) by extensions ['colcon_pkg']
[0.459s] Level 1:colcon.colcon_core.package_identification:_identify(src) by extension 'colcon_pkg'
[0.460s] Level 1:colcon.colcon_core.package_identification:_identify(src) by extensions ['colcon_meta']
[0.460s] Level 1:colcon.colcon_core.package_identification:_identify(src) by extension 'colcon_meta'
[0.460s] Level 1:colcon.colcon_core.package_identification:_identify(src) by extensions ['ros']
[0.460s] Level 1:colcon.colcon_core.package_identification:_identify(src) by extension 'ros'
[0.460s] Level 1:colcon.colcon_core.package_identification:_identify(src) by extensions ['cmake', 'python']
[0.460s] Level 1:colcon.colcon_core.package_identification:_identify(src) by extension 'cmake'
[0.460s] Level 1:colcon.colcon_core.package_identification:_identify(src) by extension 'python'
[0.460s] Level 1:colcon.colcon_core.package_identification:_identify(src) by extensions ['python_setup_py']
[0.460s] Level 1:colcon.colcon_core.package_identification:_identify(src) by extension 'python_setup_py'
[0.460s] Level 1:colcon.colcon_core.package_identification:_identify(src/my_robot_base) by extensions ['ignore', 'ignore_ament_install']
[0.460s] Level 1:colcon.colcon_core.package_identification:_identify(src/my_robot_base) by extension 'ignore'
[0.461s] Level 1:colcon.colcon_core.package_identification:_identify(src/my_robot_base) by extension 'ignore_ament_install'
[0.461s] Level 1:colcon.colcon_core.package_identification:_identify(src/my_robot_base) by extensions ['colcon_pkg']
[0.461s] Level 1:colcon.colcon_core.package_identification:_identify(src/my_robot_base) by extension 'colcon_pkg'
[0.461s] Level 1:colcon.colcon_core.package_identification:_identify(src/my_robot_base) by extensions ['colcon_meta']
[0.461s] Level 1:colcon.colcon_core.package_identification:_identify(src/my_robot_base) by extension 'colcon_meta'
[0.461s] Level 1:colcon.colcon_core.package_identification:_identify(src/my_robot_base) by extensions ['ros']
[0.461s] Level 1:colcon.colcon_core.package_identification:_identify(src/my_robot_base) by extension 'ros'
[0.466s] DEBUG:colcon.colcon_core.package_identification:Package 'src/my_robot_base' with type 'ros.ament_cmake' and name 'my_robot_base'
[0.466s] Level 1:colcon.colcon_core.package_discovery:discover_packages(recursive) using defaults
[0.466s] Level 1:colcon.colcon_core.package_discovery:discover_packages(ignore) discover
[0.466s] Level 1:colcon.colcon_core.package_discovery:discover_packages(ignore) using defaults
[0.466s] Level 1:colcon.colcon_core.package_discovery:discover_packages(path) discover
[0.466s] Level 1:colcon.colcon_core.package_discovery:discover_packages(path) using defaults
[0.497s] Level 1:colcon.colcon_core.package_discovery:discover_packages(prefix_path) check parameters
[0.497s] Level 1:colcon.colcon_core.package_discovery:discover_packages(prefix_path) discover
[0.501s] DEBUG:colcon.colcon_installed_package_information.package_discovery:Found 275 installed packages in /opt/ros/humble
[0.531s] Level 1:colcon.colcon_core.package_discovery:discover_packages(prefix_path) using defaults
[0.590s] Level 5:colcon.colcon_core.verb:set package 'my_robot_base' build argument 'cmake_args' from command line to 'None'
[0.590s] Level 5:colcon.colcon_core.verb:set package 'my_robot_base' build argument 'cmake_target' from command line to 'None'
[0.591s] Level 5:colcon.colcon_core.verb:set package 'my_robot_base' build argument 'cmake_target_skip_unavailable' from command line to 'False'
[0.591s] Level 5:colcon.colcon_core.verb:set package 'my_robot_base' build argument 'cmake_clean_cache' from command line to 'False'
[0.591s] Level 5:colcon.colcon_core.verb:set package 'my_robot_base' build argument 'cmake_clean_first' from command line to 'False'
[0.591s] Level 5:colcon.colcon_core.verb:set package 'my_robot_base' build argument 'cmake_force_configure' from command line to 'False'
[0.591s] Level 5:colcon.colcon_core.verb:set package 'my_robot_base' build argument 'ament_cmake_args' from command line to 'None'
[0.591s] Level 5:colcon.colcon_core.verb:set package 'my_robot_base' build argument 'catkin_cmake_args' from command line to 'None'
[0.591s] Level 5:colcon.colcon_core.verb:set package 'my_robot_base' build argument 'catkin_skip_building_tests' from command line to 'False'
[0.591s] DEBUG:colcon.colcon_core.verb:Building package 'my_robot_base' with the following arguments: {'ament_cmake_args': None, 'build_base': '/home/nvidia/proknee_ws/build/my_robot_base', 'catkin_cmake_args': None, 'catkin_skip_building_tests': False, 'cmake_args': None, 'cmake_clean_cache': False, 'cmake_clean_first': False, 'cmake_force_configure': False, 'cmake_target': None, 'cmake_target_skip_unavailable': False, 'install_base': '/home/nvidia/proknee_ws/install/my_robot_base', 'merge_install': False, 'path': '/home/nvidia/proknee_ws/src/my_robot_base', 'symlink_install': True, 'test_result_base': None}
[0.591s] INFO:colcon.colcon_core.executor:Executing jobs using 'parallel' executor
[0.593s] DEBUG:colcon.colcon_parallel_executor.executor.parallel:run_until_complete
[0.594s] INFO:colcon.colcon_ros.task.ament_cmake.build:Building ROS package in '/home/nvidia/proknee_ws/src/my_robot_base' with build type 'ament_cmake'
[0.594s] INFO:colcon.colcon_cmake.task.cmake.build:Building CMake package in '/home/nvidia/proknee_ws/src/my_robot_base'
[0.597s] INFO:colcon.colcon_core.plugin_system:Skipping extension 'colcon_core.shell.bat': Not used on non-Windows systems
[0.597s] INFO:colcon.colcon_core.shell:Skip shell extension 'powershell' for command environment: Not usable outside of PowerShell
[0.597s] DEBUG:colcon.colcon_core.shell:Skip shell extension 'dsv' for command environment
[0.611s] DEBUG:colcon.colcon_core.event_handler.log_command:Invoking command in '/home/nvidia/proknee_ws/build/my_robot_base': CMAKE_PREFIX_PATH=/opt/ros/humble /usr/bin/cmake /home/nvidia/proknee_ws/src/my_robot_base -DAMENT_CMAKE_SYMLINK_INSTALL=1 -DCMAKE_INSTALL_PREFIX=/home/nvidia/proknee_ws/install/my_robot_base
[1.569s] DEBUG:colcon.colcon_core.event_handler.log_command:Invoked command in '/home/nvidia/proknee_ws/build/my_robot_base' returned '0': CMAKE_PREFIX_PATH=/opt/ros/humble /usr/bin/cmake /home/nvidia/proknee_ws/src/my_robot_base -DAMENT_CMAKE_SYMLINK_INSTALL=1 -DCMAKE_INSTALL_PREFIX=/home/nvidia/proknee_ws/install/my_robot_base
[1.572s] DEBUG:colcon.colcon_core.event_handler.log_command:Invoking command in '/home/nvidia/proknee_ws/build/my_robot_base': CMAKE_PREFIX_PATH=/opt/ros/humble /usr/bin/cmake --build /home/nvidia/proknee_ws/build/my_robot_base -- -j8 -l8
[25.944s] DEBUG:colcon.colcon_core.event_handler.log_command:Invoked command in '/home/nvidia/proknee_ws/build/my_robot_base' returned '0': CMAKE_PREFIX_PATH=/opt/ros/humble /usr/bin/cmake --build /home/nvidia/proknee_ws/build/my_robot_base -- -j8 -l8
[25.959s] DEBUG:colcon.colcon_core.event_handler.log_command:Invoking command in '/home/nvidia/proknee_ws/build/my_robot_base': CMAKE_PREFIX_PATH=/opt/ros/humble /usr/bin/cmake --install /home/nvidia/proknee_ws/build/my_robot_base
[26.004s] Level 1:colcon.colcon_core.environment:create_environment_scripts_only(my_robot_base)
[26.005s] DEBUG:colcon.colcon_core.event_handler.log_command:Invoked command in '/home/nvidia/proknee_ws/build/my_robot_base' returned '0': CMAKE_PREFIX_PATH=/opt/ros/humble /usr/bin/cmake --install /home/nvidia/proknee_ws/build/my_robot_base
[26.009s] Level 1:colcon.colcon_core.environment:checking '/home/nvidia/proknee_ws/install/my_robot_base' for CMake module files
[26.010s] Level 1:colcon.colcon_core.environment:checking '/home/nvidia/proknee_ws/install/my_robot_base' for CMake config files
[26.011s] Level 1:colcon.colcon_core.shell:create_environment_hook('my_robot_base', 'cmake_prefix_path')
[26.011s] INFO:colcon.colcon_core.shell:Creating environment hook '/home/nvidia/proknee_ws/install/my_robot_base/share/my_robot_base/hook/cmake_prefix_path.ps1'
[26.012s] INFO:colcon.colcon_core.shell:Creating environment descriptor '/home/nvidia/proknee_ws/install/my_robot_base/share/my_robot_base/hook/cmake_prefix_path.dsv'
[26.013s] INFO:colcon.colcon_core.shell:Creating environment hook '/home/nvidia/proknee_ws/install/my_robot_base/share/my_robot_base/hook/cmake_prefix_path.sh'
[26.015s] Level 1:colcon.colcon_core.environment:checking '/home/nvidia/proknee_ws/install/my_robot_base/lib'
[26.015s] Level 1:colcon.colcon_core.environment:checking '/home/nvidia/proknee_ws/install/my_robot_base/bin'
[26.015s] Level 1:colcon.colcon_core.environment:checking '/home/nvidia/proknee_ws/install/my_robot_base/lib/pkgconfig/my_robot_base.pc'
[26.016s] Level 1:colcon.colcon_core.environment:checking '/home/nvidia/proknee_ws/install/my_robot_base/lib/python3.10/site-packages'
[26.016s] Level 1:colcon.colcon_core.environment:checking '/home/nvidia/proknee_ws/install/my_robot_base/bin'
[26.017s] INFO:colcon.colcon_core.shell:Creating package script '/home/nvidia/proknee_ws/install/my_robot_base/share/my_robot_base/package.ps1'
[26.018s] INFO:colcon.colcon_core.shell:Creating package descriptor '/home/nvidia/proknee_ws/install/my_robot_base/share/my_robot_base/package.dsv'
[26.019s] INFO:colcon.colcon_core.shell:Creating package script '/home/nvidia/proknee_ws/install/my_robot_base/share/my_robot_base/package.sh'
[26.020s] INFO:colcon.colcon_core.shell:Creating package script '/home/nvidia/proknee_ws/install/my_robot_base/share/my_robot_base/package.bash'
[26.022s] INFO:colcon.colcon_core.shell:Creating package script '/home/nvidia/proknee_ws/install/my_robot_base/share/my_robot_base/package.zsh'
[26.023s] Level 1:colcon.colcon_core.environment:create_file_with_runtime_dependencies(/home/nvidia/proknee_ws/install/my_robot_base/share/colcon-core/packages/my_robot_base)
[26.024s] Level 1:colcon.colcon_core.environment:create_environment_scripts_only(my_robot_base)
[26.024s] Level 1:colcon.colcon_core.environment:checking '/home/nvidia/proknee_ws/install/my_robot_base' for CMake module files
[26.025s] Level 1:colcon.colcon_core.environment:checking '/home/nvidia/proknee_ws/install/my_robot_base' for CMake config files
[26.026s] Level 1:colcon.colcon_core.shell:create_environment_hook('my_robot_base', 'cmake_prefix_path')
[26.026s] INFO:colcon.colcon_core.shell:Creating environment hook '/home/nvidia/proknee_ws/install/my_robot_base/share/my_robot_base/hook/cmake_prefix_path.ps1'
[26.028s] INFO:colcon.colcon_core.shell:Creating environment descriptor '/home/nvidia/proknee_ws/install/my_robot_base/share/my_robot_base/hook/cmake_prefix_path.dsv'
[26.028s] INFO:colcon.colcon_core.shell:Creating environment hook '/home/nvidia/proknee_ws/install/my_robot_base/share/my_robot_base/hook/cmake_prefix_path.sh'
[26.030s] Level 1:colcon.colcon_core.environment:checking '/home/nvidia/proknee_ws/install/my_robot_base/lib'
[26.030s] Level 1:colcon.colcon_core.environment:checking '/home/nvidia/proknee_ws/install/my_robot_base/bin'
[26.030s] Level 1:colcon.colcon_core.environment:checking '/home/nvidia/proknee_ws/install/my_robot_base/lib/pkgconfig/my_robot_base.pc'
[26.030s] Level 1:colcon.colcon_core.environment:checking '/home/nvidia/proknee_ws/install/my_robot_base/lib/python3.10/site-packages'
[26.031s] Level 1:colcon.colcon_core.environment:checking '/home/nvidia/proknee_ws/install/my_robot_base/bin'
[26.031s] INFO:colcon.colcon_core.shell:Creating package script '/home/nvidia/proknee_ws/install/my_robot_base/share/my_robot_base/package.ps1'
[26.033s] INFO:colcon.colcon_core.shell:Creating package descriptor '/home/nvidia/proknee_ws/install/my_robot_base/share/my_robot_base/package.dsv'
[26.033s] INFO:colcon.colcon_core.shell:Creating package script '/home/nvidia/proknee_ws/install/my_robot_base/share/my_robot_base/package.sh'
[26.034s] INFO:colcon.colcon_core.shell:Creating package script '/home/nvidia/proknee_ws/install/my_robot_base/share/my_robot_base/package.bash'
[26.035s] INFO:colcon.colcon_core.shell:Creating package script '/home/nvidia/proknee_ws/install/my_robot_base/share/my_robot_base/package.zsh'
[26.036s] Level 1:colcon.colcon_core.environment:create_file_with_runtime_dependencies(/home/nvidia/proknee_ws/install/my_robot_base/share/colcon-core/packages/my_robot_base)
[26.036s] DEBUG:colcon.colcon_parallel_executor.executor.parallel:closing loop
[26.037s] DEBUG:colcon.colcon_parallel_executor.executor.parallel:loop closed
[26.037s] DEBUG:colcon.colcon_parallel_executor.executor.parallel:run_until_complete finished with '0'
[26.037s] DEBUG:colcon.colcon_core.event_reactor:joining thread
[26.047s] INFO:colcon.colcon_core.plugin_system:Skipping extension 'colcon_notification.desktop_notification.terminal_notifier': Not used on non-Darwin systems
[26.047s] INFO:colcon.colcon_core.plugin_system:Skipping extension 'colcon_notification.desktop_notification.win32': Not used on non-Windows systems
[26.047s] INFO:colcon.colcon_notification.desktop_notification:Sending desktop notification using 'notify2'
[26.082s] DEBUG:colcon.colcon_core.event_reactor:joined thread
[26.083s] INFO:colcon.colcon_core.shell:Creating prefix script '/home/nvidia/proknee_ws/install/local_setup.ps1'
[26.085s] INFO:colcon.colcon_core.shell:Creating prefix util module '/home/nvidia/proknee_ws/install/_local_setup_util_ps1.py'
[26.088s] INFO:colcon.colcon_core.shell:Creating prefix chain script '/home/nvidia/proknee_ws/install/setup.ps1'
[26.090s] INFO:colcon.colcon_core.shell:Creating prefix script '/home/nvidia/proknee_ws/install/local_setup.sh'
[26.091s] INFO:colcon.colcon_core.shell:Creating prefix util module '/home/nvidia/proknee_ws/install/_local_setup_util_sh.py'
[26.092s] INFO:colcon.colcon_core.shell:Creating prefix chain script '/home/nvidia/proknee_ws/install/setup.sh'
[26.094s] INFO:colcon.colcon_core.shell:Creating prefix script '/home/nvidia/proknee_ws/install/local_setup.bash'
[26.097s] INFO:colcon.colcon_core.shell:Creating prefix chain script '/home/nvidia/proknee_ws/install/setup.bash'
[26.098s] INFO:colcon.colcon_core.shell:Creating prefix script '/home/nvidia/proknee_ws/install/local_setup.zsh'
[26.100s] INFO:colcon.colcon_core.shell:Creating prefix chain script '/home/nvidia/proknee_ws/install/setup.zsh'
