[0.020s] Invoking command in '/home/nvidia/proknee_ws/build/my_robot_base': CMAKE_PREFIX_PATH=${CMAKE_PREFIX_PATH}:/opt/ros/humble /usr/bin/cmake --build /home/nvidia/proknee_ws/build/my_robot_base -- -j8 -l8
[0.065s] -- Found ament_cmake: 1.3.12 (/opt/ros/humble/share/ament_cmake/cmake)
[0.273s] -- Override CMake install command with custom implementation using symlinks instead of copying resources
[0.295s] -- Found rclcpp: 16.0.15 (/opt/ros/humble/share/rclcpp/cmake)
[0.363s] -- Found rosidl_generator_c: 3.1.7 (/opt/ros/humble/share/rosidl_generator_c/cmake)
[0.366s] -- Found rosidl_adapter: 3.1.7 (/opt/ros/humble/share/rosidl_adapter/cmake)
[0.376s] -- Found rosidl_generator_cpp: 3.1.7 (/opt/ros/humble/share/rosidl_generator_cpp/cmake)
[0.389s] -- Using all available rosidl_typesupport_c: rosidl_typesupport_fastrtps_c;rosidl_typesupport_introspection_c
[0.407s] -- Using all available rosidl_typesupport_cpp: rosidl_typesupport_fastrtps_cpp;rosidl_typesupport_introspection_cpp
[0.452s] -- Found rmw_implementation_cmake: 6.1.2 (/opt/ros/humble/share/rmw_implementation_cmake/cmake)
[0.453s] -- Found rmw_fastrtps_cpp: 6.2.9 (/opt/ros/humble/share/rmw_fastrtps_cpp/cmake)
[0.600s] -- Using RMW implementation 'rmw_fastrtps_cpp' as default
[0.670s] -- Found serial_driver: 1.2.0 (/opt/ros/humble/share/serial_driver/cmake)
[0.692s] -- Found asio_cmake_module: 1.2.0 (/opt/ros/humble/share/asio_cmake_module/cmake)
[0.749s] -- Found sensor_msgs: 4.9.0 (/opt/ros/humble/share/sensor_msgs/cmake)
[0.909s] -- Configuring done
[0.941s] -- Generating done
[0.948s] -- Build files have been written to: /home/nvidia/proknee_ws/build/my_robot_base
[1.004s] [35m[1mConsolidate compiler generated dependencies of target serial_comm_node[0m
[1.055s] [100%] Built target serial_comm_node
[1.077s] Invoked command in '/home/nvidia/proknee_ws/build/my_robot_base' returned '0': CMAKE_PREFIX_PATH=${CMAKE_PREFIX_PATH}:/opt/ros/humble /usr/bin/cmake --build /home/nvidia/proknee_ws/build/my_robot_base -- -j8 -l8
[1.098s] Invoking command in '/home/nvidia/proknee_ws/build/my_robot_base': CMAKE_PREFIX_PATH=${CMAKE_PREFIX_PATH}:/opt/ros/humble /usr/bin/cmake --install /home/nvidia/proknee_ws/build/my_robot_base
[1.114s] -- Install configuration: ""
[1.115s] -- Execute custom install script
[1.115s] -- Up-to-date symlink: /home/nvidia/proknee_ws/install/my_robot_base/lib/my_robot_base/serial_comm_node
[1.116s] -- Up-to-date symlink: /home/nvidia/proknee_ws/install/my_robot_base/share/ament_index/resource_index/package_run_dependencies/my_robot_base
[1.116s] -- Up-to-date symlink: /home/nvidia/proknee_ws/install/my_robot_base/share/ament_index/resource_index/parent_prefix_path/my_robot_base
[1.117s] -- Up-to-date symlink: /home/nvidia/proknee_ws/install/my_robot_base/share/my_robot_base/environment/ament_prefix_path.sh
[1.117s] -- Up-to-date symlink: /home/nvidia/proknee_ws/install/my_robot_base/share/my_robot_base/environment/ament_prefix_path.dsv
[1.117s] -- Up-to-date symlink: /home/nvidia/proknee_ws/install/my_robot_base/share/my_robot_base/environment/path.sh
[1.118s] -- Up-to-date symlink: /home/nvidia/proknee_ws/install/my_robot_base/share/my_robot_base/environment/path.dsv
[1.118s] -- Up-to-date symlink: /home/nvidia/proknee_ws/install/my_robot_base/share/my_robot_base/local_setup.bash
[1.118s] -- Up-to-date symlink: /home/nvidia/proknee_ws/install/my_robot_base/share/my_robot_base/local_setup.sh
[1.118s] -- Up-to-date symlink: /home/nvidia/proknee_ws/install/my_robot_base/share/my_robot_base/local_setup.zsh
[1.119s] -- Up-to-date symlink: /home/nvidia/proknee_ws/install/my_robot_base/share/my_robot_base/local_setup.dsv
[1.119s] -- Symlinking: /home/nvidia/proknee_ws/install/my_robot_base/share/my_robot_base/package.dsv
[1.137s] -- Up-to-date symlink: /home/nvidia/proknee_ws/install/my_robot_base/share/ament_index/resource_index/packages/my_robot_base
[1.137s] -- Up-to-date symlink: /home/nvidia/proknee_ws/install/my_robot_base/share/my_robot_base/cmake/my_robot_baseConfig.cmake
[1.138s] -- Up-to-date symlink: /home/nvidia/proknee_ws/install/my_robot_base/share/my_robot_base/cmake/my_robot_baseConfig-version.cmake
[1.138s] -- Up-to-date symlink: /home/nvidia/proknee_ws/install/my_robot_base/share/my_robot_base/package.xml
[1.139s] -- Installing: /home/nvidia/proknee_ws/install/my_robot_base/lib/my_robot_base/angle_planner
[1.139s] -- Installing: /home/nvidia/proknee_ws/install/my_robot_base/lib/my_robot_base/keyboard_motion_mode
[1.143s] Invoked command in '/home/nvidia/proknee_ws/build/my_robot_base' returned '0': CMAKE_PREFIX_PATH=${CMAKE_PREFIX_PATH}:/opt/ros/humble /usr/bin/cmake --install /home/nvidia/proknee_ws/build/my_robot_base
