[0.167s] DEBUG:colcon:Command line arguments: ['/usr/bin/colcon', 'build']
[0.167s] DEBUG:colcon:Parsed command line arguments: Namespace(log_base=None, log_level=None, verb_name='build', build_base='build', install_base='install', merge_install=False, symlink_install=False, test_result_base=None, continue_on_error=False, executor='parallel', parallel_workers=8, event_handlers=None, ignore_user_meta=False, metas=['./colcon.meta'], base_paths=['.'], packages_ignore=None, packages_ignore_regex=None, paths=None, packages_up_to=None, packages_up_to_regex=None, packages_above=None, packages_above_and_dependencies=None, packages_above_depth=None, packages_select_by_dep=None, packages_skip_by_dep=None, packages_skip_up_to=None, packages_select_build_failed=False, packages_skip_build_finished=False, packages_select_test_failures=False, packages_skip_test_passed=False, packages_select=None, packages_skip=None, packages_select_regex=None, packages_skip_regex=None, packages_start=None, packages_end=None, allow_overriding=[], cmake_args=None, cmake_target=None, cmake_target_skip_unavailable=False, cmake_clean_cache=False, cmake_clean_first=False, cmake_force_configure=False, ament_cmake_args=None, catkin_cmake_args=None, catkin_skip_building_tests=False, verb_parser=<colcon_defaults.argument_parser.defaults.DefaultArgumentsDecorator object at 0xffff940af850>, verb_extension=<colcon_core.verb.build.BuildVerb object at 0xffff940af400>, main=<bound method BuildVerb.main of <colcon_core.verb.build.BuildVerb object at 0xffff940af400>>)
[0.430s] Level 1:colcon.colcon_core.package_discovery:discover_packages(colcon_meta) check parameters
[0.431s] Level 1:colcon.colcon_core.package_discovery:discover_packages(recursive) check parameters
[0.431s] Level 1:colcon.colcon_core.package_discovery:discover_packages(ignore) check parameters
[0.431s] Level 1:colcon.colcon_core.package_discovery:discover_packages(path) check parameters
[0.431s] Level 1:colcon.colcon_core.package_discovery:discover_packages(colcon_meta) discover
[0.431s] Level 1:colcon.colcon_core.package_discovery:discover_packages(recursive) discover
[0.431s] INFO:colcon.colcon_core.package_discovery:Crawling recursively for packages in '/home/nvidia/proknee_ws'
[0.431s] Level 1:colcon.colcon_core.package_identification:_identify(.) by extensions ['ignore', 'ignore_ament_install']
[0.432s] Level 1:colcon.colcon_core.package_identification:_identify(.) by extension 'ignore'
[0.432s] Level 1:colcon.colcon_core.package_identification:_identify(.) by extension 'ignore_ament_install'
[0.432s] Level 1:colcon.colcon_core.package_identification:_identify(.) by extensions ['colcon_pkg']
[0.432s] Level 1:colcon.colcon_core.package_identification:_identify(.) by extension 'colcon_pkg'
[0.432s] Level 1:colcon.colcon_core.package_identification:_identify(.) by extensions ['colcon_meta']
[0.432s] Level 1:colcon.colcon_core.package_identification:_identify(.) by extension 'colcon_meta'
[0.432s] Level 1:colcon.colcon_core.package_identification:_identify(.) by extensions ['ros']
[0.432s] Level 1:colcon.colcon_core.package_identification:_identify(.) by extension 'ros'
[0.452s] Level 1:colcon.colcon_core.package_identification:_identify(.) by extensions ['cmake', 'python']
[0.452s] Level 1:colcon.colcon_core.package_identification:_identify(.) by extension 'cmake'
[0.452s] Level 1:colcon.colcon_core.package_identification:_identify(.) by extension 'python'
[0.453s] Level 1:colcon.colcon_core.package_identification:_identify(.) by extensions ['python_setup_py']
[0.453s] Level 1:colcon.colcon_core.package_identification:_identify(.) by extension 'python_setup_py'
[0.453s] Level 1:colcon.colcon_core.package_identification:_identify(build) by extensions ['ignore', 'ignore_ament_install']
[0.453s] Level 1:colcon.colcon_core.package_identification:_identify(build) by extension 'ignore'
[0.453s] Level 1:colcon.colcon_core.package_identification:_identify(build) ignored
[0.453s] Level 1:colcon.colcon_core.package_identification:_identify(install) by extensions ['ignore', 'ignore_ament_install']
[0.453s] Level 1:colcon.colcon_core.package_identification:_identify(install) by extension 'ignore'
[0.454s] Level 1:colcon.colcon_core.package_identification:_identify(install) ignored
[0.454s] Level 1:colcon.colcon_core.package_identification:_identify(log) by extensions ['ignore', 'ignore_ament_install']
[0.454s] Level 1:colcon.colcon_core.package_identification:_identify(log) by extension 'ignore'
[0.454s] Level 1:colcon.colcon_core.package_identification:_identify(log) ignored
[0.454s] Level 1:colcon.colcon_core.package_identification:_identify(src) by extensions ['ignore', 'ignore_ament_install']
[0.454s] Level 1:colcon.colcon_core.package_identification:_identify(src) by extension 'ignore'
[0.454s] Level 1:colcon.colcon_core.package_identification:_identify(src) by extension 'ignore_ament_install'
[0.454s] Level 1:colcon.colcon_core.package_identification:_identify(src) by extensions ['colcon_pkg']
[0.454s] Level 1:colcon.colcon_core.package_identification:_identify(src) by extension 'colcon_pkg'
[0.455s] Level 1:colcon.colcon_core.package_identification:_identify(src) by extensions ['colcon_meta']
[0.455s] Level 1:colcon.colcon_core.package_identification:_identify(src) by extension 'colcon_meta'
[0.455s] Level 1:colcon.colcon_core.package_identification:_identify(src) by extensions ['ros']
[0.455s] Level 1:colcon.colcon_core.package_identification:_identify(src) by extension 'ros'
[0.455s] Level 1:colcon.colcon_core.package_identification:_identify(src) by extensions ['cmake', 'python']
[0.455s] Level 1:colcon.colcon_core.package_identification:_identify(src) by extension 'cmake'
[0.455s] Level 1:colcon.colcon_core.package_identification:_identify(src) by extension 'python'
[0.455s] Level 1:colcon.colcon_core.package_identification:_identify(src) by extensions ['python_setup_py']
[0.455s] Level 1:colcon.colcon_core.package_identification:_identify(src) by extension 'python_setup_py'
[0.455s] Level 1:colcon.colcon_core.package_identification:_identify(src/my_robot_base) by extensions ['ignore', 'ignore_ament_install']
[0.455s] Level 1:colcon.colcon_core.package_identification:_identify(src/my_robot_base) by extension 'ignore'
[0.456s] Level 1:colcon.colcon_core.package_identification:_identify(src/my_robot_base) by extension 'ignore_ament_install'
[0.456s] Level 1:colcon.colcon_core.package_identification:_identify(src/my_robot_base) by extensions ['colcon_pkg']
[0.456s] Level 1:colcon.colcon_core.package_identification:_identify(src/my_robot_base) by extension 'colcon_pkg'
[0.456s] Level 1:colcon.colcon_core.package_identification:_identify(src/my_robot_base) by extensions ['colcon_meta']
[0.456s] Level 1:colcon.colcon_core.package_identification:_identify(src/my_robot_base) by extension 'colcon_meta'
[0.456s] Level 1:colcon.colcon_core.package_identification:_identify(src/my_robot_base) by extensions ['ros']
[0.456s] Level 1:colcon.colcon_core.package_identification:_identify(src/my_robot_base) by extension 'ros'
[0.461s] DEBUG:colcon.colcon_core.package_identification:Package 'src/my_robot_base' with type 'ros.ament_cmake' and name 'my_robot_base'
[0.461s] Level 1:colcon.colcon_core.package_discovery:discover_packages(recursive) using defaults
[0.461s] Level 1:colcon.colcon_core.package_discovery:discover_packages(ignore) discover
[0.461s] Level 1:colcon.colcon_core.package_discovery:discover_packages(ignore) using defaults
[0.461s] Level 1:colcon.colcon_core.package_discovery:discover_packages(path) discover
[0.461s] Level 1:colcon.colcon_core.package_discovery:discover_packages(path) using defaults
[0.493s] Level 1:colcon.colcon_core.package_discovery:discover_packages(prefix_path) check parameters
[0.493s] Level 1:colcon.colcon_core.package_discovery:discover_packages(prefix_path) discover
[0.497s] DEBUG:colcon.colcon_installed_package_information.package_discovery:Found 275 installed packages in /opt/ros/humble
[0.501s] Level 1:colcon.colcon_core.package_discovery:discover_packages(prefix_path) using defaults
[0.589s] Level 5:colcon.colcon_core.verb:set package 'my_robot_base' build argument 'cmake_args' from command line to 'None'
[0.589s] Level 5:colcon.colcon_core.verb:set package 'my_robot_base' build argument 'cmake_target' from command line to 'None'
[0.589s] Level 5:colcon.colcon_core.verb:set package 'my_robot_base' build argument 'cmake_target_skip_unavailable' from command line to 'False'
[0.589s] Level 5:colcon.colcon_core.verb:set package 'my_robot_base' build argument 'cmake_clean_cache' from command line to 'False'
[0.590s] Level 5:colcon.colcon_core.verb:set package 'my_robot_base' build argument 'cmake_clean_first' from command line to 'False'
[0.590s] Level 5:colcon.colcon_core.verb:set package 'my_robot_base' build argument 'cmake_force_configure' from command line to 'False'
[0.590s] Level 5:colcon.colcon_core.verb:set package 'my_robot_base' build argument 'ament_cmake_args' from command line to 'None'
[0.590s] Level 5:colcon.colcon_core.verb:set package 'my_robot_base' build argument 'catkin_cmake_args' from command line to 'None'
[0.590s] Level 5:colcon.colcon_core.verb:set package 'my_robot_base' build argument 'catkin_skip_building_tests' from command line to 'False'
[0.590s] DEBUG:colcon.colcon_core.verb:Building package 'my_robot_base' with the following arguments: {'ament_cmake_args': None, 'build_base': '/home/nvidia/proknee_ws/build/my_robot_base', 'catkin_cmake_args': None, 'catkin_skip_building_tests': False, 'cmake_args': None, 'cmake_clean_cache': False, 'cmake_clean_first': False, 'cmake_force_configure': False, 'cmake_target': None, 'cmake_target_skip_unavailable': False, 'install_base': '/home/nvidia/proknee_ws/install/my_robot_base', 'merge_install': False, 'path': '/home/nvidia/proknee_ws/src/my_robot_base', 'symlink_install': False, 'test_result_base': None}
[0.590s] INFO:colcon.colcon_core.executor:Executing jobs using 'parallel' executor
[0.593s] DEBUG:colcon.colcon_parallel_executor.executor.parallel:run_until_complete
[0.593s] INFO:colcon.colcon_ros.task.ament_cmake.build:Building ROS package in '/home/nvidia/proknee_ws/src/my_robot_base' with build type 'ament_cmake'
[0.594s] INFO:colcon.colcon_cmake.task.cmake.build:Building CMake package in '/home/nvidia/proknee_ws/src/my_robot_base'
[0.597s] INFO:colcon.colcon_core.plugin_system:Skipping extension 'colcon_core.shell.bat': Not used on non-Windows systems
[0.598s] INFO:colcon.colcon_core.shell:Skip shell extension 'powershell' for command environment: Not usable outside of PowerShell
[0.598s] DEBUG:colcon.colcon_core.shell:Skip shell extension 'dsv' for command environment
[0.614s] DEBUG:colcon.colcon_core.event_handler.log_command:Invoking command in '/home/nvidia/proknee_ws/build/my_robot_base': CMAKE_PREFIX_PATH=/opt/ros/humble /usr/bin/cmake --build /home/nvidia/proknee_ws/build/my_robot_base -- -j8 -l8
[9.208s] DEBUG:colcon.colcon_core.event_handler.log_command:Invoked command in '/home/nvidia/proknee_ws/build/my_robot_base' returned '0': CMAKE_PREFIX_PATH=/opt/ros/humble /usr/bin/cmake --build /home/nvidia/proknee_ws/build/my_robot_base -- -j8 -l8
[9.230s] DEBUG:colcon.colcon_core.event_handler.log_command:Invoking command in '/home/nvidia/proknee_ws/build/my_robot_base': CMAKE_PREFIX_PATH=/opt/ros/humble /usr/bin/cmake --install /home/nvidia/proknee_ws/build/my_robot_base
[9.256s] Level 1:colcon.colcon_core.environment:create_environment_scripts_only(my_robot_base)
[9.258s] DEBUG:colcon.colcon_core.event_handler.log_command:Invoked command in '/home/nvidia/proknee_ws/build/my_robot_base' returned '0': CMAKE_PREFIX_PATH=/opt/ros/humble /usr/bin/cmake --install /home/nvidia/proknee_ws/build/my_robot_base
[9.266s] Level 1:colcon.colcon_core.environment:checking '/home/nvidia/proknee_ws/install/my_robot_base' for CMake module files
[9.268s] Level 1:colcon.colcon_core.environment:checking '/home/nvidia/proknee_ws/install/my_robot_base' for CMake config files
[9.268s] Level 1:colcon.colcon_core.shell:create_environment_hook('my_robot_base', 'cmake_prefix_path')
[9.268s] INFO:colcon.colcon_core.shell:Creating environment hook '/home/nvidia/proknee_ws/install/my_robot_base/share/my_robot_base/hook/cmake_prefix_path.ps1'
[9.270s] INFO:colcon.colcon_core.shell:Creating environment descriptor '/home/nvidia/proknee_ws/install/my_robot_base/share/my_robot_base/hook/cmake_prefix_path.dsv'
[9.271s] INFO:colcon.colcon_core.shell:Creating environment hook '/home/nvidia/proknee_ws/install/my_robot_base/share/my_robot_base/hook/cmake_prefix_path.sh'
[9.274s] Level 1:colcon.colcon_core.environment:checking '/home/nvidia/proknee_ws/install/my_robot_base/lib'
[9.275s] Level 1:colcon.colcon_core.environment:checking '/home/nvidia/proknee_ws/install/my_robot_base/bin'
[9.275s] Level 1:colcon.colcon_core.environment:checking '/home/nvidia/proknee_ws/install/my_robot_base/lib/pkgconfig/my_robot_base.pc'
[9.275s] Level 1:colcon.colcon_core.environment:checking '/home/nvidia/proknee_ws/install/my_robot_base/lib/python3.10/site-packages'
[9.276s] Level 1:colcon.colcon_core.environment:checking '/home/nvidia/proknee_ws/install/my_robot_base/bin'
[9.277s] INFO:colcon.colcon_core.shell:Creating package script '/home/nvidia/proknee_ws/install/my_robot_base/share/my_robot_base/package.ps1'
[9.280s] INFO:colcon.colcon_core.shell:Creating package descriptor '/home/nvidia/proknee_ws/install/my_robot_base/share/my_robot_base/package.dsv'
[9.282s] INFO:colcon.colcon_core.shell:Creating package script '/home/nvidia/proknee_ws/install/my_robot_base/share/my_robot_base/package.sh'
[9.284s] INFO:colcon.colcon_core.shell:Creating package script '/home/nvidia/proknee_ws/install/my_robot_base/share/my_robot_base/package.bash'
[9.287s] INFO:colcon.colcon_core.shell:Creating package script '/home/nvidia/proknee_ws/install/my_robot_base/share/my_robot_base/package.zsh'
[9.290s] Level 1:colcon.colcon_core.environment:create_file_with_runtime_dependencies(/home/nvidia/proknee_ws/install/my_robot_base/share/colcon-core/packages/my_robot_base)
[9.292s] Level 1:colcon.colcon_core.environment:create_environment_scripts_only(my_robot_base)
[9.293s] Level 1:colcon.colcon_core.environment:checking '/home/nvidia/proknee_ws/install/my_robot_base' for CMake module files
[9.295s] Level 1:colcon.colcon_core.environment:checking '/home/nvidia/proknee_ws/install/my_robot_base' for CMake config files
[9.295s] Level 1:colcon.colcon_core.shell:create_environment_hook('my_robot_base', 'cmake_prefix_path')
[9.296s] INFO:colcon.colcon_core.shell:Creating environment hook '/home/nvidia/proknee_ws/install/my_robot_base/share/my_robot_base/hook/cmake_prefix_path.ps1'
[9.297s] INFO:colcon.colcon_core.shell:Creating environment descriptor '/home/nvidia/proknee_ws/install/my_robot_base/share/my_robot_base/hook/cmake_prefix_path.dsv'
[9.298s] INFO:colcon.colcon_core.shell:Creating environment hook '/home/nvidia/proknee_ws/install/my_robot_base/share/my_robot_base/hook/cmake_prefix_path.sh'
[9.299s] Level 1:colcon.colcon_core.environment:checking '/home/nvidia/proknee_ws/install/my_robot_base/lib'
[9.299s] Level 1:colcon.colcon_core.environment:checking '/home/nvidia/proknee_ws/install/my_robot_base/bin'
[9.299s] Level 1:colcon.colcon_core.environment:checking '/home/nvidia/proknee_ws/install/my_robot_base/lib/pkgconfig/my_robot_base.pc'
[9.300s] Level 1:colcon.colcon_core.environment:checking '/home/nvidia/proknee_ws/install/my_robot_base/lib/python3.10/site-packages'
[9.301s] Level 1:colcon.colcon_core.environment:checking '/home/nvidia/proknee_ws/install/my_robot_base/bin'
[9.302s] INFO:colcon.colcon_core.shell:Creating package script '/home/nvidia/proknee_ws/install/my_robot_base/share/my_robot_base/package.ps1'
[9.303s] INFO:colcon.colcon_core.shell:Creating package descriptor '/home/nvidia/proknee_ws/install/my_robot_base/share/my_robot_base/package.dsv'
[9.305s] INFO:colcon.colcon_core.shell:Creating package script '/home/nvidia/proknee_ws/install/my_robot_base/share/my_robot_base/package.sh'
[9.306s] INFO:colcon.colcon_core.shell:Creating package script '/home/nvidia/proknee_ws/install/my_robot_base/share/my_robot_base/package.bash'
[9.307s] INFO:colcon.colcon_core.shell:Creating package script '/home/nvidia/proknee_ws/install/my_robot_base/share/my_robot_base/package.zsh'
[9.308s] Level 1:colcon.colcon_core.environment:create_file_with_runtime_dependencies(/home/nvidia/proknee_ws/install/my_robot_base/share/colcon-core/packages/my_robot_base)
[9.309s] DEBUG:colcon.colcon_parallel_executor.executor.parallel:closing loop
[9.310s] DEBUG:colcon.colcon_parallel_executor.executor.parallel:loop closed
[9.311s] DEBUG:colcon.colcon_parallel_executor.executor.parallel:run_until_complete finished with '0'
[9.311s] DEBUG:colcon.colcon_core.event_reactor:joining thread
[9.323s] INFO:colcon.colcon_core.plugin_system:Skipping extension 'colcon_notification.desktop_notification.terminal_notifier': Not used on non-Darwin systems
[9.324s] INFO:colcon.colcon_core.plugin_system:Skipping extension 'colcon_notification.desktop_notification.win32': Not used on non-Windows systems
[9.324s] INFO:colcon.colcon_notification.desktop_notification:Sending desktop notification using 'notify2'
[9.366s] DEBUG:colcon.colcon_core.event_reactor:joined thread
[9.367s] INFO:colcon.colcon_core.shell:Creating prefix script '/home/nvidia/proknee_ws/install/local_setup.ps1'
[9.370s] INFO:colcon.colcon_core.shell:Creating prefix util module '/home/nvidia/proknee_ws/install/_local_setup_util_ps1.py'
[9.377s] INFO:colcon.colcon_core.shell:Creating prefix chain script '/home/nvidia/proknee_ws/install/setup.ps1'
[9.381s] INFO:colcon.colcon_core.shell:Creating prefix script '/home/nvidia/proknee_ws/install/local_setup.sh'
[9.383s] INFO:colcon.colcon_core.shell:Creating prefix util module '/home/nvidia/proknee_ws/install/_local_setup_util_sh.py'
[9.384s] INFO:colcon.colcon_core.shell:Creating prefix chain script '/home/nvidia/proknee_ws/install/setup.sh'
[9.386s] INFO:colcon.colcon_core.shell:Creating prefix script '/home/nvidia/proknee_ws/install/local_setup.bash'
[9.388s] INFO:colcon.colcon_core.shell:Creating prefix chain script '/home/nvidia/proknee_ws/install/setup.bash'
[9.391s] INFO:colcon.colcon_core.shell:Creating prefix script '/home/nvidia/proknee_ws/install/local_setup.zsh'
[9.392s] INFO:colcon.colcon_core.shell:Creating prefix chain script '/home/nvidia/proknee_ws/install/setup.zsh'
