[0.017s] Invoking command in '/home/nvidia/proknee_ws/build/my_robot_base': CMAKE_PREFIX_PATH=/opt/ros/humble /usr/bin/cmake /home/nvidia/proknee_ws/src/my_robot_base -DCMAKE_INSTALL_PREFIX=/home/nvidia/proknee_ws/install/my_robot_base
[0.113s] -- The C compiler identification is GNU 11.4.0
[0.214s] -- The CXX compiler identification is GNU 11.4.0
[0.237s] -- Detecting C compiler ABI info
[0.372s] -- Detecting C compiler ABI info - done
[0.389s] -- Check for working C compiler: /usr/bin/cc - skipped
[0.389s] -- Detecting C compile features
[0.391s] -- Detecting C compile features - done
[0.402s] -- Detecting CXX compiler ABI info
[0.545s] -- Detecting CXX compiler ABI info - done
[0.563s] -- Check for working CXX compiler: /usr/bin/c++ - skipped
[0.564s] -- Detecting CXX compile features
[0.566s] -- Detecting CXX compile features - done
[0.570s] -- Found ament_cmake: 1.3.12 (/opt/ros/humble/share/ament_cmake/cmake)
[0.848s] -- Found Python3: /usr/bin/python3 (found version "3.10.12") found components: Interpreter 
[1.024s] -- Found rclcpp: 16.0.15 (/opt/ros/humble/share/rclcpp/cmake)
[1.092s] -- Found rosidl_generator_c: 3.1.7 (/opt/ros/humble/share/rosidl_generator_c/cmake)
[1.098s] -- Found rosidl_adapter: 3.1.7 (/opt/ros/humble/share/rosidl_adapter/cmake)
[1.109s] -- Found rosidl_generator_cpp: 3.1.7 (/opt/ros/humble/share/rosidl_generator_cpp/cmake)
[1.124s] -- Using all available rosidl_typesupport_c: rosidl_typesupport_fastrtps_c;rosidl_typesupport_introspection_c
[1.145s] -- Using all available rosidl_typesupport_cpp: rosidl_typesupport_fastrtps_cpp;rosidl_typesupport_introspection_cpp
[1.200s] -- Found rmw_implementation_cmake: 6.1.2 (/opt/ros/humble/share/rmw_implementation_cmake/cmake)
[1.203s] -- Found rmw_fastrtps_cpp: 6.2.9 (/opt/ros/humble/share/rmw_fastrtps_cpp/cmake)
[1.346s] -- Found OpenSSL: /usr/lib/aarch64-linux-gnu/libcrypto.so (found version "3.0.2")  
[1.393s] -- Found FastRTPS: /opt/ros/humble/include  
[1.454s] -- Using RMW implementation 'rmw_fastrtps_cpp' as default
[1.464s] -- Looking for pthread.h
[1.595s] -- Looking for pthread.h - found
[1.596s] -- Performing Test CMAKE_HAVE_LIBC_PTHREAD
[1.732s] -- Performing Test CMAKE_HAVE_LIBC_PTHREAD - Success
[1.733s] -- Found Threads: TRUE  
[1.836s] -- Found serial_driver: 1.2.0 (/opt/ros/humble/share/serial_driver/cmake)
[1.862s] -- Found asio_cmake_module: 1.2.0 (/opt/ros/humble/share/asio_cmake_module/cmake)
[1.863s] -- Found ASIO: /usr/include  
[2.052s] -- Configuring done
[2.081s] -- Generating done
[2.087s] -- Build files have been written to: /home/nvidia/proknee_ws/build/my_robot_base
[2.110s] Invoked command in '/home/nvidia/proknee_ws/build/my_robot_base' returned '0': CMAKE_PREFIX_PATH=/opt/ros/humble /usr/bin/cmake /home/nvidia/proknee_ws/src/my_robot_base -DCMAKE_INSTALL_PREFIX=/home/nvidia/proknee_ws/install/my_robot_base
[2.114s] Invoking command in '/home/nvidia/proknee_ws/build/my_robot_base': CMAKE_PREFIX_PATH=/opt/ros/humble /usr/bin/cmake --build /home/nvidia/proknee_ws/build/my_robot_base -- -j8 -l8
[2.213s] [ 50%] [32mBuilding CXX object CMakeFiles/serial_comm_node.dir/src/serial_comm_node.cpp.o[0m
[2.363s] [01m[K/home/nvidia/proknee_ws/src/my_robot_base/src/serial_comm_node.cpp:5:10:[m[K [01;31m[Kfatal error: [m[Ksensor_msgs/msg/image.hpp: No such file or directory
[2.363s]     5 | #include [01;31m[K"sensor_msgs/msg/image.hpp"[m[K
[2.363s]       |          [01;31m[K^~~~~~~~~~~~~~~~~~~~~~~~~~~[m[K
[2.363s] compilation terminated.
[2.365s] gmake[2]: *** [CMakeFiles/serial_comm_node.dir/build.make:76: CMakeFiles/serial_comm_node.dir/src/serial_comm_node.cpp.o] Error 1
[2.366s] gmake[1]: *** [CMakeFiles/Makefile2:137: CMakeFiles/serial_comm_node.dir/all] Error 2
[2.366s] gmake: *** [Makefile:146: all] Error 2
[2.372s] Invoked command in '/home/nvidia/proknee_ws/build/my_robot_base' returned '2': CMAKE_PREFIX_PATH=/opt/ros/humble /usr/bin/cmake --build /home/nvidia/proknee_ws/build/my_robot_base -- -j8 -l8
