[0.016s] Invoking command in '/home/nvidia/proknee_ws/build/my_robot_base': CMAKE_PREFIX_PATH=/opt/ros/humble /usr/bin/cmake /home/nvidia/proknee_ws/src/my_robot_base -DCMAKE_INSTALL_PREFIX=/home/nvidia/proknee_ws/install/my_robot_base
[0.166s] -- The C compiler identification is GNU 11.4.0
[0.301s] -- The CXX compiler identification is GNU 11.4.0
[0.324s] -- Detecting C compiler ABI info
[0.473s] -- Detecting C compiler ABI info - done
[0.497s] -- Check for working C compiler: /usr/bin/cc - skipped
[0.501s] -- Detecting C compile features
[0.503s] -- Detecting C compile features - done
[0.515s] -- Detecting CXX compiler ABI info
[0.677s] -- Detecting CXX compiler ABI info - done
[0.692s] -- Check for working CXX compiler: /usr/bin/c++ - skipped
[0.692s] -- Detecting CXX compile features
[0.693s] -- Detecting CXX compile features - done
[0.700s] -- Found ament_cmake: 1.3.12 (/opt/ros/humble/share/ament_cmake/cmake)
[1.014s] -- Found Python3: /usr/bin/python3 (found version "3.10.12") found components: Interpreter 
[1.197s] -- Found rclcpp: 16.0.15 (/opt/ros/humble/share/rclcpp/cmake)
[1.269s] -- Found rosidl_generator_c: 3.1.7 (/opt/ros/humble/share/rosidl_generator_c/cmake)
[1.276s] -- Found rosidl_adapter: 3.1.7 (/opt/ros/humble/share/rosidl_adapter/cmake)
[1.289s] -- Found rosidl_generator_cpp: 3.1.7 (/opt/ros/humble/share/rosidl_generator_cpp/cmake)
[1.308s] -- Using all available rosidl_typesupport_c: rosidl_typesupport_fastrtps_c;rosidl_typesupport_introspection_c
[1.335s] -- Using all available rosidl_typesupport_cpp: rosidl_typesupport_fastrtps_cpp;rosidl_typesupport_introspection_cpp
[1.404s] -- Found rmw_implementation_cmake: 6.1.2 (/opt/ros/humble/share/rmw_implementation_cmake/cmake)
[1.408s] -- Found rmw_fastrtps_cpp: 6.2.9 (/opt/ros/humble/share/rmw_fastrtps_cpp/cmake)
[1.615s] -- Found OpenSSL: /usr/lib/aarch64-linux-gnu/libcrypto.so (found version "3.0.2")  
[1.661s] -- Found FastRTPS: /opt/ros/humble/include  
[1.723s] -- Using RMW implementation 'rmw_fastrtps_cpp' as default
[1.736s] -- Looking for pthread.h
[1.884s] -- Looking for pthread.h - found
[1.885s] -- Performing Test CMAKE_HAVE_LIBC_PTHREAD
[2.022s] -- Performing Test CMAKE_HAVE_LIBC_PTHREAD - Success
[2.024s] -- Found Threads: TRUE  
[2.136s] -- Found serial_driver: 1.2.0 (/opt/ros/humble/share/serial_driver/cmake)
[2.169s] -- Found asio_cmake_module: 1.2.0 (/opt/ros/humble/share/asio_cmake_module/cmake)
[2.171s] -- Found ASIO: /usr/include  
[2.253s] -- Found sensor_msgs: 4.9.0 (/opt/ros/humble/share/sensor_msgs/cmake)
[2.429s] -- Configuring done
[2.495s] -- Generating done
[2.506s] -- Build files have been written to: /home/nvidia/proknee_ws/build/my_robot_base
[2.534s] Invoked command in '/home/nvidia/proknee_ws/build/my_robot_base' returned '0': CMAKE_PREFIX_PATH=/opt/ros/humble /usr/bin/cmake /home/nvidia/proknee_ws/src/my_robot_base -DCMAKE_INSTALL_PREFIX=/home/nvidia/proknee_ws/install/my_robot_base
[2.539s] Invoking command in '/home/nvidia/proknee_ws/build/my_robot_base': CMAKE_PREFIX_PATH=/opt/ros/humble /usr/bin/cmake --build /home/nvidia/proknee_ws/build/my_robot_base -- -j8 -l8
[2.638s] [ 50%] [32mBuilding CXX object CMakeFiles/serial_comm_node.dir/src/serial_comm_node.cpp.o[0m
[31.825s] [100%] [32m[1mLinking CXX executable serial_comm_node[0m
[33.684s] [100%] Built target serial_comm_node
[33.707s] Invoked command in '/home/nvidia/proknee_ws/build/my_robot_base' returned '0': CMAKE_PREFIX_PATH=/opt/ros/humble /usr/bin/cmake --build /home/nvidia/proknee_ws/build/my_robot_base -- -j8 -l8
[33.731s] Invoking command in '/home/nvidia/proknee_ws/build/my_robot_base': CMAKE_PREFIX_PATH=/opt/ros/humble /usr/bin/cmake --install /home/nvidia/proknee_ws/build/my_robot_base
[33.746s] -- Install configuration: ""
[33.746s] -- Installing: /home/nvidia/proknee_ws/install/my_robot_base/lib/my_robot_base/serial_comm_node
[33.761s] -- Set runtime path of "/home/nvidia/proknee_ws/install/my_robot_base/lib/my_robot_base/serial_comm_node" to ""
[33.762s] -- Installing: /home/nvidia/proknee_ws/install/my_robot_base/lib/my_robot_base/angle_planner
[33.762s] -- Installing: /home/nvidia/proknee_ws/install/my_robot_base/lib/my_robot_base/motion_mode_classification
[33.762s] -- Installing: /home/nvidia/proknee_ws/install/my_robot_base/lib/my_robot_base/control
[33.762s] -- Installing: /home/nvidia/proknee_ws/install/my_robot_base/share/ament_index/resource_index/package_run_dependencies/my_robot_base
[33.763s] -- Installing: /home/nvidia/proknee_ws/install/my_robot_base/share/ament_index/resource_index/parent_prefix_path/my_robot_base
[33.763s] -- Installing: /home/nvidia/proknee_ws/install/my_robot_base/share/my_robot_base/environment/ament_prefix_path.sh
[33.763s] -- Installing: /home/nvidia/proknee_ws/install/my_robot_base/share/my_robot_base/environment/ament_prefix_path.dsv
[33.764s] -- Installing: /home/nvidia/proknee_ws/install/my_robot_base/share/my_robot_base/environment/path.sh
[33.764s] -- Installing: /home/nvidia/proknee_ws/install/my_robot_base/share/my_robot_base/environment/path.dsv
[33.764s] -- Installing: /home/nvidia/proknee_ws/install/my_robot_base/share/my_robot_base/local_setup.bash
[33.764s] -- Installing: /home/nvidia/proknee_ws/install/my_robot_base/share/my_robot_base/local_setup.sh
[33.764s] -- Installing: /home/nvidia/proknee_ws/install/my_robot_base/share/my_robot_base/local_setup.zsh
[33.765s] -- Installing: /home/nvidia/proknee_ws/install/my_robot_base/share/my_robot_base/local_setup.dsv
[33.765s] -- Installing: /home/nvidia/proknee_ws/install/my_robot_base/share/my_robot_base/package.dsv
[33.765s] -- Installing: /home/nvidia/proknee_ws/install/my_robot_base/share/ament_index/resource_index/packages/my_robot_base
[33.765s] -- Installing: /home/nvidia/proknee_ws/install/my_robot_base/share/my_robot_base/cmake/my_robot_baseConfig.cmake
[33.765s] -- Installing: /home/nvidia/proknee_ws/install/my_robot_base/share/my_robot_base/cmake/my_robot_baseConfig-version.cmake
[33.766s] -- Installing: /home/nvidia/proknee_ws/install/my_robot_base/share/my_robot_base/package.xml
[33.772s] Invoked command in '/home/nvidia/proknee_ws/build/my_robot_base' returned '0': CMAKE_PREFIX_PATH=/opt/ros/humble /usr/bin/cmake --install /home/nvidia/proknee_ws/build/my_robot_base
