[0.021s] Invoking command in '/home/nvidia/proknee_ws/build/my_robot_base': CMAKE_PREFIX_PATH=${CMAKE_PREFIX_PATH}:/opt/ros/humble /usr/bin/cmake --build /home/nvidia/proknee_ws/build/my_robot_base -- -j8 -l8
[0.103s] [35m[1mConsolidate compiler generated dependencies of target serial_comm_node[0m
[0.148s] [100%] Built target serial_comm_node
[0.172s] Invoked command in '/home/nvidia/proknee_ws/build/my_robot_base' returned '0': CMAKE_PREFIX_PATH=${CMAKE_PREFIX_PATH}:/opt/ros/humble /usr/bin/cmake --build /home/nvidia/proknee_ws/build/my_robot_base -- -j8 -l8
[0.193s] Invoking command in '/home/nvidia/proknee_ws/build/my_robot_base': CMAKE_PREFIX_PATH=${CMAKE_PREFIX_PATH}:/opt/ros/humble /usr/bin/cmake --install /home/nvidia/proknee_ws/build/my_robot_base
[0.210s] -- Install configuration: ""
[0.211s] -- Up-to-date: /home/nvidia/proknee_ws/install/my_robot_base/lib/my_robot_base/serial_comm_node
[0.212s] -- Up-to-date: /home/nvidia/proknee_ws/install/my_robot_base/lib/my_robot_base/angle_planner
[0.212s] -- Up-to-date: /home/nvidia/proknee_ws/install/my_robot_base/lib/my_robot_base/motion_mode_classification
[0.212s] -- Installing: /home/nvidia/proknee_ws/install/my_robot_base/lib/my_robot_base/control
[0.212s] -- Up-to-date: /home/nvidia/proknee_ws/install/my_robot_base/share/ament_index/resource_index/package_run_dependencies/my_robot_base
[0.213s] -- Up-to-date: /home/nvidia/proknee_ws/install/my_robot_base/share/ament_index/resource_index/parent_prefix_path/my_robot_base
[0.213s] -- Up-to-date: /home/nvidia/proknee_ws/install/my_robot_base/share/my_robot_base/environment/ament_prefix_path.sh
[0.213s] -- Up-to-date: /home/nvidia/proknee_ws/install/my_robot_base/share/my_robot_base/environment/ament_prefix_path.dsv
[0.214s] -- Up-to-date: /home/nvidia/proknee_ws/install/my_robot_base/share/my_robot_base/environment/path.sh
[0.214s] -- Up-to-date: /home/nvidia/proknee_ws/install/my_robot_base/share/my_robot_base/environment/path.dsv
[0.216s] -- Up-to-date: /home/nvidia/proknee_ws/install/my_robot_base/share/my_robot_base/local_setup.bash
[0.218s] -- Up-to-date: /home/nvidia/proknee_ws/install/my_robot_base/share/my_robot_base/local_setup.sh
[0.218s] -- Up-to-date: /home/nvidia/proknee_ws/install/my_robot_base/share/my_robot_base/local_setup.zsh
[0.218s] -- Up-to-date: /home/nvidia/proknee_ws/install/my_robot_base/share/my_robot_base/local_setup.dsv
[0.219s] -- Installing: /home/nvidia/proknee_ws/install/my_robot_base/share/my_robot_base/package.dsv
[0.219s] -- Up-to-date: /home/nvidia/proknee_ws/install/my_robot_base/share/ament_index/resource_index/packages/my_robot_base
[0.219s] -- Up-to-date: /home/nvidia/proknee_ws/install/my_robot_base/share/my_robot_base/cmake/my_robot_baseConfig.cmake
[0.220s] -- Up-to-date: /home/nvidia/proknee_ws/install/my_robot_base/share/my_robot_base/cmake/my_robot_baseConfig-version.cmake
[0.220s] -- Up-to-date: /home/nvidia/proknee_ws/install/my_robot_base/share/my_robot_base/package.xml
[0.221s] Invoked command in '/home/nvidia/proknee_ws/build/my_robot_base' returned '0': CMAKE_PREFIX_PATH=${CMAKE_PREFIX_PATH}:/opt/ros/humble /usr/bin/cmake --install /home/nvidia/proknee_ws/build/my_robot_base
