[0.019s] Invoking command in '/home/nvidia/proknee_ws/build/my_robot_base': CMAKE_PREFIX_PATH=/opt/ros/humble /usr/bin/cmake --build /home/nvidia/proknee_ws/build/my_robot_base -- -j8 -l8
[0.091s] [35m[1mConsolidate compiler generated dependencies of target serial_comm_node[0m
[0.138s] [100%] Built target serial_comm_node
[0.176s] Invoked command in '/home/nvidia/proknee_ws/build/my_robot_base' returned '0': CMAKE_PREFIX_PATH=/opt/ros/humble /usr/bin/cmake --build /home/nvidia/proknee_ws/build/my_robot_base -- -j8 -l8
[0.204s] Invoking command in '/home/nvidia/proknee_ws/build/my_robot_base': CMAKE_PREFIX_PATH=/opt/ros/humble /usr/bin/cmake --install /home/nvidia/proknee_ws/build/my_robot_base
[0.220s] -- Install configuration: ""
[0.221s] -- Up-to-date: /home/nvidia/proknee_ws/install/my_robot_base/lib/my_robot_base/serial_comm_node
[0.221s] -- Up-to-date: /home/nvidia/proknee_ws/install/my_robot_base/lib/my_robot_base/angle_planner
[0.221s] -- Installing: /home/nvidia/proknee_ws/install/my_robot_base/lib/my_robot_base/motion_mode_classification
[0.221s] -- Up-to-date: /home/nvidia/proknee_ws/install/my_robot_base/lib/my_robot_base/control
[0.221s] -- Up-to-date: /home/nvidia/proknee_ws/install/my_robot_base/share/ament_index/resource_index/package_run_dependencies/my_robot_base
[0.221s] -- Up-to-date: /home/nvidia/proknee_ws/install/my_robot_base/share/ament_index/resource_index/parent_prefix_path/my_robot_base
[0.221s] -- Up-to-date: /home/nvidia/proknee_ws/install/my_robot_base/share/my_robot_base/environment/ament_prefix_path.sh
[0.221s] -- Up-to-date: /home/nvidia/proknee_ws/install/my_robot_base/share/my_robot_base/environment/ament_prefix_path.dsv
[0.222s] -- Up-to-date: /home/nvidia/proknee_ws/install/my_robot_base/share/my_robot_base/environment/path.sh
[0.222s] -- Up-to-date: /home/nvidia/proknee_ws/install/my_robot_base/share/my_robot_base/environment/path.dsv
[0.222s] -- Up-to-date: /home/nvidia/proknee_ws/install/my_robot_base/share/my_robot_base/local_setup.bash
[0.222s] -- Up-to-date: /home/nvidia/proknee_ws/install/my_robot_base/share/my_robot_base/local_setup.sh
[0.222s] -- Up-to-date: /home/nvidia/proknee_ws/install/my_robot_base/share/my_robot_base/local_setup.zsh
[0.222s] -- Up-to-date: /home/nvidia/proknee_ws/install/my_robot_base/share/my_robot_base/local_setup.dsv
[0.222s] -- Installing: /home/nvidia/proknee_ws/install/my_robot_base/share/my_robot_base/package.dsv
[0.223s] -- Up-to-date: /home/nvidia/proknee_ws/install/my_robot_base/share/ament_index/resource_index/packages/my_robot_base
[0.223s] -- Up-to-date: /home/nvidia/proknee_ws/install/my_robot_base/share/my_robot_base/cmake/my_robot_baseConfig.cmake
[0.223s] -- Up-to-date: /home/nvidia/proknee_ws/install/my_robot_base/share/my_robot_base/cmake/my_robot_baseConfig-version.cmake
[0.223s] -- Up-to-date: /home/nvidia/proknee_ws/install/my_robot_base/share/my_robot_base/package.xml
[0.229s] Invoked command in '/home/nvidia/proknee_ws/build/my_robot_base' returned '0': CMAKE_PREFIX_PATH=/opt/ros/humble /usr/bin/cmake --install /home/nvidia/proknee_ws/build/my_robot_base
