[0.026s] Invoking command in '/home/nvidia/proknee_ws/build/my_robot_base': CMAKE_PREFIX_PATH=/opt/ros/humble /usr/bin/cmake --build /home/nvidia/proknee_ws/build/my_robot_base -- -j8 -l8
[0.069s] -- Found ament_cmake: 1.3.12 (/opt/ros/humble/share/ament_cmake/cmake)
[0.362s] -- Found rclcpp: 16.0.15 (/opt/ros/humble/share/rclcpp/cmake)
[0.403s] -- Found rosidl_generator_c: 3.1.7 (/opt/ros/humble/share/rosidl_generator_c/cmake)
[0.407s] -- Found rosidl_adapter: 3.1.7 (/opt/ros/humble/share/rosidl_adapter/cmake)
[0.417s] -- Found rosidl_generator_cpp: 3.1.7 (/opt/ros/humble/share/rosidl_generator_cpp/cmake)
[0.432s] -- Using all available rosidl_typesupport_c: rosidl_typesupport_fastrtps_c;rosidl_typesupport_introspection_c
[0.450s] -- Using all available rosidl_typesupport_cpp: rosidl_typesupport_fastrtps_cpp;rosidl_typesupport_introspection_cpp
[0.497s] -- Found rmw_implementation_cmake: 6.1.2 (/opt/ros/humble/share/rmw_implementation_cmake/cmake)
[0.498s] -- Found rmw_fastrtps_cpp: 6.2.9 (/opt/ros/humble/share/rmw_fastrtps_cpp/cmake)
[0.648s] -- Using RMW implementation 'rmw_fastrtps_cpp' as default
[0.723s] -- Found serial_driver: 1.2.0 (/opt/ros/humble/share/serial_driver/cmake)
[0.747s] -- Found asio_cmake_module: 1.2.0 (/opt/ros/humble/share/asio_cmake_module/cmake)
[0.808s] -- Found sensor_msgs: 4.9.0 (/opt/ros/humble/share/sensor_msgs/cmake)
[0.977s] -- Configuring done
[1.011s] -- Generating done
[1.019s] -- Build files have been written to: /home/nvidia/proknee_ws/build/my_robot_base
[1.076s] [35m[1mConsolidate compiler generated dependencies of target serial_comm_node[0m
[1.120s] [ 50%] [32mBuilding CXX object CMakeFiles/serial_comm_node.dir/src/serial_comm_node.cpp.o[0m
[19.139s] [100%] [32m[1mLinking CXX executable serial_comm_node[0m
[20.105s] [100%] Built target serial_comm_node
[20.131s] Invoked command in '/home/nvidia/proknee_ws/build/my_robot_base' returned '0': CMAKE_PREFIX_PATH=/opt/ros/humble /usr/bin/cmake --build /home/nvidia/proknee_ws/build/my_robot_base -- -j8 -l8
[20.154s] Invoking command in '/home/nvidia/proknee_ws/build/my_robot_base': CMAKE_PREFIX_PATH=/opt/ros/humble /usr/bin/cmake --install /home/nvidia/proknee_ws/build/my_robot_base
[20.169s] -- Install configuration: ""
[20.169s] -- Installing: /home/nvidia/proknee_ws/install/my_robot_base/lib/my_robot_base/serial_comm_node
[20.179s] -- Set runtime path of "/home/nvidia/proknee_ws/install/my_robot_base/lib/my_robot_base/serial_comm_node" to ""
[20.179s] -- Up-to-date: /home/nvidia/proknee_ws/install/my_robot_base/share/ament_index/resource_index/package_run_dependencies/my_robot_base
[20.179s] -- Up-to-date: /home/nvidia/proknee_ws/install/my_robot_base/share/ament_index/resource_index/parent_prefix_path/my_robot_base
[20.179s] -- Up-to-date: /home/nvidia/proknee_ws/install/my_robot_base/share/my_robot_base/environment/ament_prefix_path.sh
[20.180s] -- Installing: /home/nvidia/proknee_ws/install/my_robot_base/share/my_robot_base/environment/ament_prefix_path.dsv
[20.180s] -- Up-to-date: /home/nvidia/proknee_ws/install/my_robot_base/share/my_robot_base/environment/path.sh
[20.180s] -- Installing: /home/nvidia/proknee_ws/install/my_robot_base/share/my_robot_base/environment/path.dsv
[20.180s] -- Up-to-date: /home/nvidia/proknee_ws/install/my_robot_base/share/my_robot_base/local_setup.bash
[20.180s] -- Up-to-date: /home/nvidia/proknee_ws/install/my_robot_base/share/my_robot_base/local_setup.sh
[20.181s] -- Up-to-date: /home/nvidia/proknee_ws/install/my_robot_base/share/my_robot_base/local_setup.zsh
[20.181s] -- Installing: /home/nvidia/proknee_ws/install/my_robot_base/share/my_robot_base/local_setup.dsv
[20.181s] -- Installing: /home/nvidia/proknee_ws/install/my_robot_base/share/my_robot_base/package.dsv
[20.181s] -- Up-to-date: /home/nvidia/proknee_ws/install/my_robot_base/share/ament_index/resource_index/packages/my_robot_base
[20.181s] -- Up-to-date: /home/nvidia/proknee_ws/install/my_robot_base/share/my_robot_base/cmake/my_robot_baseConfig.cmake
[20.181s] -- Up-to-date: /home/nvidia/proknee_ws/install/my_robot_base/share/my_robot_base/cmake/my_robot_baseConfig-version.cmake
[20.181s] -- Up-to-date: /home/nvidia/proknee_ws/install/my_robot_base/share/my_robot_base/package.xml
[20.187s] Invoked command in '/home/nvidia/proknee_ws/build/my_robot_base' returned '0': CMAKE_PREFIX_PATH=/opt/ros/humble /usr/bin/cmake --install /home/nvidia/proknee_ws/build/my_robot_base
