[0.018s] Invoking command in '/home/nvidia/proknee_ws/build/my_robot_base': CMAKE_PREFIX_PATH=${CMAKE_PREFIX_PATH}:/opt/ros/humble /usr/bin/cmake --build /home/nvidia/proknee_ws/build/my_robot_base -- -j8 -l8
[0.130s] [ 50%] [32mBuilding CXX object CMakeFiles/serial_comm_node.dir/src/serial_comm_node.cpp.o[0m
[24.617s] [100%] [32m[1mLinking CXX executable serial_comm_node[0m
[26.161s] [100%] Built target serial_comm_node
[26.189s] Invoked command in '/home/nvidia/proknee_ws/build/my_robot_base' returned '0': CMAKE_PREFIX_PATH=${CMAKE_PREFIX_PATH}:/opt/ros/humble /usr/bin/cmake --build /home/nvidia/proknee_ws/build/my_robot_base -- -j8 -l8
[26.209s] Invoking command in '/home/nvidia/proknee_ws/build/my_robot_base': CMAKE_PREFIX_PATH=${CMAKE_PREFIX_PATH}:/opt/ros/humble /usr/bin/cmake --install /home/nvidia/proknee_ws/build/my_robot_base
[26.226s] -- Install configuration: ""
[26.226s] -- Execute custom install script
[26.227s] -- Up-to-date symlink: /home/nvidia/proknee_ws/install/my_robot_base/lib/my_robot_base/serial_comm_node
[26.227s] -- Up-to-date symlink: /home/nvidia/proknee_ws/install/my_robot_base/share/ament_index/resource_index/package_run_dependencies/my_robot_base
[26.228s] -- Up-to-date symlink: /home/nvidia/proknee_ws/install/my_robot_base/share/ament_index/resource_index/parent_prefix_path/my_robot_base
[26.228s] -- Up-to-date symlink: /home/nvidia/proknee_ws/install/my_robot_base/share/my_robot_base/environment/ament_prefix_path.sh
[26.229s] -- Up-to-date symlink: /home/nvidia/proknee_ws/install/my_robot_base/share/my_robot_base/environment/ament_prefix_path.dsv
[26.229s] -- Up-to-date symlink: /home/nvidia/proknee_ws/install/my_robot_base/share/my_robot_base/environment/path.sh
[26.229s] -- Up-to-date symlink: /home/nvidia/proknee_ws/install/my_robot_base/share/my_robot_base/environment/path.dsv
[26.230s] -- Up-to-date symlink: /home/nvidia/proknee_ws/install/my_robot_base/share/my_robot_base/local_setup.bash
[26.230s] -- Up-to-date symlink: /home/nvidia/proknee_ws/install/my_robot_base/share/my_robot_base/local_setup.sh
[26.230s] -- Up-to-date symlink: /home/nvidia/proknee_ws/install/my_robot_base/share/my_robot_base/local_setup.zsh
[26.230s] -- Up-to-date symlink: /home/nvidia/proknee_ws/install/my_robot_base/share/my_robot_base/local_setup.dsv
[26.230s] -- Symlinking: /home/nvidia/proknee_ws/install/my_robot_base/share/my_robot_base/package.dsv
[26.251s] -- Up-to-date symlink: /home/nvidia/proknee_ws/install/my_robot_base/share/ament_index/resource_index/packages/my_robot_base
[26.251s] -- Up-to-date symlink: /home/nvidia/proknee_ws/install/my_robot_base/share/my_robot_base/cmake/my_robot_baseConfig.cmake
[26.252s] -- Up-to-date symlink: /home/nvidia/proknee_ws/install/my_robot_base/share/my_robot_base/cmake/my_robot_baseConfig-version.cmake
[26.252s] -- Up-to-date symlink: /home/nvidia/proknee_ws/install/my_robot_base/share/my_robot_base/package.xml
[26.252s] -- Up-to-date: /home/nvidia/proknee_ws/install/my_robot_base/lib/my_robot_base/angle_planner
[26.252s] -- Up-to-date: /home/nvidia/proknee_ws/install/my_robot_base/lib/my_robot_base/keyboard_motion_mode
[26.257s] Invoked command in '/home/nvidia/proknee_ws/build/my_robot_base' returned '0': CMAKE_PREFIX_PATH=${CMAKE_PREFIX_PATH}:/opt/ros/humble /usr/bin/cmake --install /home/nvidia/proknee_ws/build/my_robot_base
