[0.198s] DEBUG:colcon:Command line arguments: ['/usr/bin/colcon', 'build', '--packages-select', 'my_robot_base']
[0.199s] DEBUG:colcon:Parsed command line arguments: Namespace(log_base=None, log_level=None, verb_name='build', build_base='build', install_base='install', merge_install=False, symlink_install=False, test_result_base=None, continue_on_error=False, executor='parallel', parallel_workers=8, event_handlers=None, ignore_user_meta=False, metas=['./colcon.meta'], base_paths=['.'], packages_ignore=None, packages_ignore_regex=None, paths=None, packages_up_to=None, packages_up_to_regex=None, packages_above=None, packages_above_and_dependencies=None, packages_above_depth=None, packages_select_by_dep=None, packages_skip_by_dep=None, packages_skip_up_to=None, packages_select_build_failed=False, packages_skip_build_finished=False, packages_select_test_failures=False, packages_skip_test_passed=False, packages_select=['my_robot_base'], packages_skip=None, packages_select_regex=None, packages_skip_regex=None, packages_start=None, packages_end=None, allow_overriding=[], cmake_args=None, cmake_target=None, cmake_target_skip_unavailable=False, cmake_clean_cache=False, cmake_clean_first=False, cmake_force_configure=False, ament_cmake_args=None, catkin_cmake_args=None, catkin_skip_building_tests=False, verb_parser=<colcon_defaults.argument_parser.defaults.DefaultArgumentsDecorator object at 0xffff9dacfb50>, verb_extension=<colcon_core.verb.build.BuildVerb object at 0xffff9dacf700>, main=<bound method BuildVerb.main of <colcon_core.verb.build.BuildVerb object at 0xffff9dacf700>>)
[0.499s] Level 1:colcon.colcon_core.package_discovery:discover_packages(colcon_meta) check parameters
[0.499s] Level 1:colcon.colcon_core.package_discovery:discover_packages(recursive) check parameters
[0.499s] Level 1:colcon.colcon_core.package_discovery:discover_packages(ignore) check parameters
[0.500s] Level 1:colcon.colcon_core.package_discovery:discover_packages(path) check parameters
[0.500s] Level 1:colcon.colcon_core.package_discovery:discover_packages(colcon_meta) discover
[0.500s] Level 1:colcon.colcon_core.package_discovery:discover_packages(recursive) discover
[0.500s] INFO:colcon.colcon_core.package_discovery:Crawling recursively for packages in '/home/nvidia/proknee_ws'
[0.500s] Level 1:colcon.colcon_core.package_identification:_identify(.) by extensions ['ignore', 'ignore_ament_install']
[0.500s] Level 1:colcon.colcon_core.package_identification:_identify(.) by extension 'ignore'
[0.500s] Level 1:colcon.colcon_core.package_identification:_identify(.) by extension 'ignore_ament_install'
[0.501s] Level 1:colcon.colcon_core.package_identification:_identify(.) by extensions ['colcon_pkg']
[0.501s] Level 1:colcon.colcon_core.package_identification:_identify(.) by extension 'colcon_pkg'
[0.501s] Level 1:colcon.colcon_core.package_identification:_identify(.) by extensions ['colcon_meta']
[0.501s] Level 1:colcon.colcon_core.package_identification:_identify(.) by extension 'colcon_meta'
[0.501s] Level 1:colcon.colcon_core.package_identification:_identify(.) by extensions ['ros']
[0.501s] Level 1:colcon.colcon_core.package_identification:_identify(.) by extension 'ros'
[0.526s] Level 1:colcon.colcon_core.package_identification:_identify(.) by extensions ['cmake', 'python']
[0.527s] Level 1:colcon.colcon_core.package_identification:_identify(.) by extension 'cmake'
[0.527s] Level 1:colcon.colcon_core.package_identification:_identify(.) by extension 'python'
[0.527s] Level 1:colcon.colcon_core.package_identification:_identify(.) by extensions ['python_setup_py']
[0.527s] Level 1:colcon.colcon_core.package_identification:_identify(.) by extension 'python_setup_py'
[0.527s] Level 1:colcon.colcon_core.package_identification:_identify(build) by extensions ['ignore', 'ignore_ament_install']
[0.527s] Level 1:colcon.colcon_core.package_identification:_identify(build) by extension 'ignore'
[0.528s] Level 1:colcon.colcon_core.package_identification:_identify(build) ignored
[0.528s] Level 1:colcon.colcon_core.package_identification:_identify(install) by extensions ['ignore', 'ignore_ament_install']
[0.528s] Level 1:colcon.colcon_core.package_identification:_identify(install) by extension 'ignore'
[0.528s] Level 1:colcon.colcon_core.package_identification:_identify(install) ignored
[0.528s] Level 1:colcon.colcon_core.package_identification:_identify(log) by extensions ['ignore', 'ignore_ament_install']
[0.529s] Level 1:colcon.colcon_core.package_identification:_identify(log) by extension 'ignore'
[0.529s] Level 1:colcon.colcon_core.package_identification:_identify(log) ignored
[0.529s] Level 1:colcon.colcon_core.package_identification:_identify(src) by extensions ['ignore', 'ignore_ament_install']
[0.529s] Level 1:colcon.colcon_core.package_identification:_identify(src) by extension 'ignore'
[0.529s] Level 1:colcon.colcon_core.package_identification:_identify(src) by extension 'ignore_ament_install'
[0.529s] Level 1:colcon.colcon_core.package_identification:_identify(src) by extensions ['colcon_pkg']
[0.529s] Level 1:colcon.colcon_core.package_identification:_identify(src) by extension 'colcon_pkg'
[0.529s] Level 1:colcon.colcon_core.package_identification:_identify(src) by extensions ['colcon_meta']
[0.529s] Level 1:colcon.colcon_core.package_identification:_identify(src) by extension 'colcon_meta'
[0.529s] Level 1:colcon.colcon_core.package_identification:_identify(src) by extensions ['ros']
[0.530s] Level 1:colcon.colcon_core.package_identification:_identify(src) by extension 'ros'
[0.530s] Level 1:colcon.colcon_core.package_identification:_identify(src) by extensions ['cmake', 'python']
[0.530s] Level 1:colcon.colcon_core.package_identification:_identify(src) by extension 'cmake'
[0.530s] Level 1:colcon.colcon_core.package_identification:_identify(src) by extension 'python'
[0.530s] Level 1:colcon.colcon_core.package_identification:_identify(src) by extensions ['python_setup_py']
[0.530s] Level 1:colcon.colcon_core.package_identification:_identify(src) by extension 'python_setup_py'
[0.530s] Level 1:colcon.colcon_core.package_identification:_identify(src/my_robot_base) by extensions ['ignore', 'ignore_ament_install']
[0.530s] Level 1:colcon.colcon_core.package_identification:_identify(src/my_robot_base) by extension 'ignore'
[0.530s] Level 1:colcon.colcon_core.package_identification:_identify(src/my_robot_base) by extension 'ignore_ament_install'
[0.531s] Level 1:colcon.colcon_core.package_identification:_identify(src/my_robot_base) by extensions ['colcon_pkg']
[0.531s] Level 1:colcon.colcon_core.package_identification:_identify(src/my_robot_base) by extension 'colcon_pkg'
[0.531s] Level 1:colcon.colcon_core.package_identification:_identify(src/my_robot_base) by extensions ['colcon_meta']
[0.531s] Level 1:colcon.colcon_core.package_identification:_identify(src/my_robot_base) by extension 'colcon_meta'
[0.531s] Level 1:colcon.colcon_core.package_identification:_identify(src/my_robot_base) by extensions ['ros']
[0.531s] Level 1:colcon.colcon_core.package_identification:_identify(src/my_robot_base) by extension 'ros'
[0.536s] DEBUG:colcon.colcon_core.package_identification:Package 'src/my_robot_base' with type 'ros.ament_cmake' and name 'my_robot_base'
[0.537s] Level 1:colcon.colcon_core.package_discovery:discover_packages(recursive) using defaults
[0.537s] Level 1:colcon.colcon_core.package_discovery:discover_packages(ignore) discover
[0.537s] Level 1:colcon.colcon_core.package_discovery:discover_packages(ignore) using defaults
[0.537s] Level 1:colcon.colcon_core.package_discovery:discover_packages(path) discover
[0.537s] Level 1:colcon.colcon_core.package_discovery:discover_packages(path) using defaults
[0.579s] Level 1:colcon.colcon_core.package_discovery:discover_packages(prefix_path) check parameters
[0.579s] Level 1:colcon.colcon_core.package_discovery:discover_packages(prefix_path) discover
[0.585s] DEBUG:colcon.colcon_installed_package_information.package_discovery:Found 275 installed packages in /opt/ros/humble
[0.627s] Level 1:colcon.colcon_core.package_discovery:discover_packages(prefix_path) using defaults
[0.698s] Level 5:colcon.colcon_core.verb:set package 'my_robot_base' build argument 'cmake_args' from command line to 'None'
[0.699s] Level 5:colcon.colcon_core.verb:set package 'my_robot_base' build argument 'cmake_target' from command line to 'None'
[0.699s] Level 5:colcon.colcon_core.verb:set package 'my_robot_base' build argument 'cmake_target_skip_unavailable' from command line to 'False'
[0.699s] Level 5:colcon.colcon_core.verb:set package 'my_robot_base' build argument 'cmake_clean_cache' from command line to 'False'
[0.699s] Level 5:colcon.colcon_core.verb:set package 'my_robot_base' build argument 'cmake_clean_first' from command line to 'False'
[0.699s] Level 5:colcon.colcon_core.verb:set package 'my_robot_base' build argument 'cmake_force_configure' from command line to 'False'
[0.699s] Level 5:colcon.colcon_core.verb:set package 'my_robot_base' build argument 'ament_cmake_args' from command line to 'None'
[0.699s] Level 5:colcon.colcon_core.verb:set package 'my_robot_base' build argument 'catkin_cmake_args' from command line to 'None'
[0.699s] Level 5:colcon.colcon_core.verb:set package 'my_robot_base' build argument 'catkin_skip_building_tests' from command line to 'False'
[0.699s] DEBUG:colcon.colcon_core.verb:Building package 'my_robot_base' with the following arguments: {'ament_cmake_args': None, 'build_base': '/home/nvidia/proknee_ws/build/my_robot_base', 'catkin_cmake_args': None, 'catkin_skip_building_tests': False, 'cmake_args': None, 'cmake_clean_cache': False, 'cmake_clean_first': False, 'cmake_force_configure': False, 'cmake_target': None, 'cmake_target_skip_unavailable': False, 'install_base': '/home/nvidia/proknee_ws/install/my_robot_base', 'merge_install': False, 'path': '/home/nvidia/proknee_ws/src/my_robot_base', 'symlink_install': False, 'test_result_base': None}
[0.700s] INFO:colcon.colcon_core.executor:Executing jobs using 'parallel' executor
[0.702s] DEBUG:colcon.colcon_parallel_executor.executor.parallel:run_until_complete
[0.703s] INFO:colcon.colcon_ros.task.ament_cmake.build:Building ROS package in '/home/nvidia/proknee_ws/src/my_robot_base' with build type 'ament_cmake'
[0.703s] INFO:colcon.colcon_cmake.task.cmake.build:Building CMake package in '/home/nvidia/proknee_ws/src/my_robot_base'
[0.708s] INFO:colcon.colcon_core.plugin_system:Skipping extension 'colcon_core.shell.bat': Not used on non-Windows systems
[0.709s] INFO:colcon.colcon_core.shell:Skip shell extension 'powershell' for command environment: Not usable outside of PowerShell
[0.709s] DEBUG:colcon.colcon_core.shell:Skip shell extension 'dsv' for command environment
[0.730s] DEBUG:colcon.colcon_core.event_handler.log_command:Invoking command in '/home/nvidia/proknee_ws/build/my_robot_base': CMAKE_PREFIX_PATH=/opt/ros/humble /usr/bin/cmake --build /home/nvidia/proknee_ws/build/my_robot_base -- -j8 -l8
[20.835s] DEBUG:colcon.colcon_core.event_handler.log_command:Invoked command in '/home/nvidia/proknee_ws/build/my_robot_base' returned '0': CMAKE_PREFIX_PATH=/opt/ros/humble /usr/bin/cmake --build /home/nvidia/proknee_ws/build/my_robot_base -- -j8 -l8
[20.858s] DEBUG:colcon.colcon_core.event_handler.log_command:Invoking command in '/home/nvidia/proknee_ws/build/my_robot_base': CMAKE_PREFIX_PATH=/opt/ros/humble /usr/bin/cmake --install /home/nvidia/proknee_ws/build/my_robot_base
[20.889s] Level 1:colcon.colcon_core.environment:create_environment_scripts_only(my_robot_base)
[20.891s] DEBUG:colcon.colcon_core.event_handler.log_command:Invoked command in '/home/nvidia/proknee_ws/build/my_robot_base' returned '0': CMAKE_PREFIX_PATH=/opt/ros/humble /usr/bin/cmake --install /home/nvidia/proknee_ws/build/my_robot_base
[20.896s] Level 1:colcon.colcon_core.environment:checking '/home/nvidia/proknee_ws/install/my_robot_base' for CMake module files
[20.898s] Level 1:colcon.colcon_core.environment:checking '/home/nvidia/proknee_ws/install/my_robot_base' for CMake config files
[20.898s] Level 1:colcon.colcon_core.shell:create_environment_hook('my_robot_base', 'cmake_prefix_path')
[20.898s] INFO:colcon.colcon_core.shell:Creating environment hook '/home/nvidia/proknee_ws/install/my_robot_base/share/my_robot_base/hook/cmake_prefix_path.ps1'
[20.900s] INFO:colcon.colcon_core.shell:Creating environment descriptor '/home/nvidia/proknee_ws/install/my_robot_base/share/my_robot_base/hook/cmake_prefix_path.dsv'
[20.901s] INFO:colcon.colcon_core.shell:Creating environment hook '/home/nvidia/proknee_ws/install/my_robot_base/share/my_robot_base/hook/cmake_prefix_path.sh'
[20.905s] Level 1:colcon.colcon_core.environment:checking '/home/nvidia/proknee_ws/install/my_robot_base/lib'
[20.905s] Level 1:colcon.colcon_core.environment:checking '/home/nvidia/proknee_ws/install/my_robot_base/bin'
[20.906s] Level 1:colcon.colcon_core.environment:checking '/home/nvidia/proknee_ws/install/my_robot_base/lib/pkgconfig/my_robot_base.pc'
[20.906s] Level 1:colcon.colcon_core.environment:checking '/home/nvidia/proknee_ws/install/my_robot_base/lib/python3.10/site-packages'
[20.908s] Level 1:colcon.colcon_core.environment:checking '/home/nvidia/proknee_ws/install/my_robot_base/bin'
[20.909s] INFO:colcon.colcon_core.shell:Creating package script '/home/nvidia/proknee_ws/install/my_robot_base/share/my_robot_base/package.ps1'
[20.913s] INFO:colcon.colcon_core.shell:Creating package descriptor '/home/nvidia/proknee_ws/install/my_robot_base/share/my_robot_base/package.dsv'
[20.914s] INFO:colcon.colcon_core.shell:Creating package script '/home/nvidia/proknee_ws/install/my_robot_base/share/my_robot_base/package.sh'
[20.916s] INFO:colcon.colcon_core.shell:Creating package script '/home/nvidia/proknee_ws/install/my_robot_base/share/my_robot_base/package.bash'
[20.917s] INFO:colcon.colcon_core.shell:Creating package script '/home/nvidia/proknee_ws/install/my_robot_base/share/my_robot_base/package.zsh'
[20.919s] Level 1:colcon.colcon_core.environment:create_file_with_runtime_dependencies(/home/nvidia/proknee_ws/install/my_robot_base/share/colcon-core/packages/my_robot_base)
[20.921s] Level 1:colcon.colcon_core.environment:create_environment_scripts_only(my_robot_base)
[20.921s] Level 1:colcon.colcon_core.environment:checking '/home/nvidia/proknee_ws/install/my_robot_base' for CMake module files
[20.923s] Level 1:colcon.colcon_core.environment:checking '/home/nvidia/proknee_ws/install/my_robot_base' for CMake config files
[20.923s] Level 1:colcon.colcon_core.shell:create_environment_hook('my_robot_base', 'cmake_prefix_path')
[20.924s] INFO:colcon.colcon_core.shell:Creating environment hook '/home/nvidia/proknee_ws/install/my_robot_base/share/my_robot_base/hook/cmake_prefix_path.ps1'
[20.925s] INFO:colcon.colcon_core.shell:Creating environment descriptor '/home/nvidia/proknee_ws/install/my_robot_base/share/my_robot_base/hook/cmake_prefix_path.dsv'
[20.926s] INFO:colcon.colcon_core.shell:Creating environment hook '/home/nvidia/proknee_ws/install/my_robot_base/share/my_robot_base/hook/cmake_prefix_path.sh'
[20.928s] Level 1:colcon.colcon_core.environment:checking '/home/nvidia/proknee_ws/install/my_robot_base/lib'
[20.928s] Level 1:colcon.colcon_core.environment:checking '/home/nvidia/proknee_ws/install/my_robot_base/bin'
[20.928s] Level 1:colcon.colcon_core.environment:checking '/home/nvidia/proknee_ws/install/my_robot_base/lib/pkgconfig/my_robot_base.pc'
[20.929s] Level 1:colcon.colcon_core.environment:checking '/home/nvidia/proknee_ws/install/my_robot_base/lib/python3.10/site-packages'
[20.930s] Level 1:colcon.colcon_core.environment:checking '/home/nvidia/proknee_ws/install/my_robot_base/bin'
[20.931s] INFO:colcon.colcon_core.shell:Creating package script '/home/nvidia/proknee_ws/install/my_robot_base/share/my_robot_base/package.ps1'
[20.933s] INFO:colcon.colcon_core.shell:Creating package descriptor '/home/nvidia/proknee_ws/install/my_robot_base/share/my_robot_base/package.dsv'
[20.934s] INFO:colcon.colcon_core.shell:Creating package script '/home/nvidia/proknee_ws/install/my_robot_base/share/my_robot_base/package.sh'
[20.935s] INFO:colcon.colcon_core.shell:Creating package script '/home/nvidia/proknee_ws/install/my_robot_base/share/my_robot_base/package.bash'
[20.937s] INFO:colcon.colcon_core.shell:Creating package script '/home/nvidia/proknee_ws/install/my_robot_base/share/my_robot_base/package.zsh'
[20.938s] Level 1:colcon.colcon_core.environment:create_file_with_runtime_dependencies(/home/nvidia/proknee_ws/install/my_robot_base/share/colcon-core/packages/my_robot_base)
[20.938s] DEBUG:colcon.colcon_parallel_executor.executor.parallel:closing loop
[20.939s] DEBUG:colcon.colcon_parallel_executor.executor.parallel:loop closed
[20.939s] DEBUG:colcon.colcon_parallel_executor.executor.parallel:run_until_complete finished with '0'
[20.940s] DEBUG:colcon.colcon_core.event_reactor:joining thread
[20.957s] INFO:colcon.colcon_core.plugin_system:Skipping extension 'colcon_notification.desktop_notification.terminal_notifier': Not used on non-Darwin systems
[20.958s] INFO:colcon.colcon_core.plugin_system:Skipping extension 'colcon_notification.desktop_notification.win32': Not used on non-Windows systems
[20.958s] INFO:colcon.colcon_notification.desktop_notification:Sending desktop notification using 'notify2'
[20.998s] DEBUG:colcon.colcon_core.event_reactor:joined thread
[20.999s] INFO:colcon.colcon_core.shell:Creating prefix script '/home/nvidia/proknee_ws/install/local_setup.ps1'
[21.003s] INFO:colcon.colcon_core.shell:Creating prefix util module '/home/nvidia/proknee_ws/install/_local_setup_util_ps1.py'
[21.007s] INFO:colcon.colcon_core.shell:Creating prefix chain script '/home/nvidia/proknee_ws/install/setup.ps1'
[21.010s] INFO:colcon.colcon_core.shell:Creating prefix script '/home/nvidia/proknee_ws/install/local_setup.sh'
[21.013s] INFO:colcon.colcon_core.shell:Creating prefix util module '/home/nvidia/proknee_ws/install/_local_setup_util_sh.py'
[21.014s] INFO:colcon.colcon_core.shell:Creating prefix chain script '/home/nvidia/proknee_ws/install/setup.sh'
[21.016s] INFO:colcon.colcon_core.shell:Creating prefix script '/home/nvidia/proknee_ws/install/local_setup.bash'
[21.017s] INFO:colcon.colcon_core.shell:Creating prefix chain script '/home/nvidia/proknee_ws/install/setup.bash'
[21.020s] INFO:colcon.colcon_core.shell:Creating prefix script '/home/nvidia/proknee_ws/install/local_setup.zsh'
[21.021s] INFO:colcon.colcon_core.shell:Creating prefix chain script '/home/nvidia/proknee_ws/install/setup.zsh'
