[0.019s] Invoking command in '/home/nvidia/proknee_ws/build/my_robot_base': CMAKE_PREFIX_PATH=/opt/ros/humble /usr/bin/cmake /home/nvidia/proknee_ws/src/my_robot_base -DAMENT_CMAKE_SYMLINK_INSTALL=1 -DCMAKE_INSTALL_PREFIX=/home/nvidia/proknee_ws/install/my_robot_base
[0.042s] -- Found ament_cmake: 1.3.12 (/opt/ros/humble/share/ament_cmake/cmake)
[0.277s] -- Override CMake install command with custom implementation using symlinks instead of copying resources
[0.303s] -- Found rclcpp: 16.0.15 (/opt/ros/humble/share/rclcpp/cmake)
[0.364s] -- Found rosidl_generator_c: 3.1.7 (/opt/ros/humble/share/rosidl_generator_c/cmake)
[0.368s] -- Found rosidl_adapter: 3.1.7 (/opt/ros/humble/share/rosidl_adapter/cmake)
[0.380s] -- Found rosidl_generator_cpp: 3.1.7 (/opt/ros/humble/share/rosidl_generator_cpp/cmake)
[0.396s] -- Using all available rosidl_typesupport_c: rosidl_typesupport_fastrtps_c;rosidl_typesupport_introspection_c
[0.417s] -- Using all available rosidl_typesupport_cpp: rosidl_typesupport_fastrtps_cpp;rosidl_typesupport_introspection_cpp
[0.472s] -- Found rmw_implementation_cmake: 6.1.2 (/opt/ros/humble/share/rmw_implementation_cmake/cmake)
[0.474s] -- Found rmw_fastrtps_cpp: 6.2.9 (/opt/ros/humble/share/rmw_fastrtps_cpp/cmake)
[0.628s] -- Using RMW implementation 'rmw_fastrtps_cpp' as default
[0.711s] -- Found serial_driver: 1.2.0 (/opt/ros/humble/share/serial_driver/cmake)
[0.738s] -- Found asio_cmake_module: 1.2.0 (/opt/ros/humble/share/asio_cmake_module/cmake)
[0.804s] -- Found sensor_msgs: 4.9.0 (/opt/ros/humble/share/sensor_msgs/cmake)
[0.980s] -- Configuring done
[1.049s] -- Generating done
[1.060s] -- Build files have been written to: /home/nvidia/proknee_ws/build/my_robot_base
[1.081s] Invoked command in '/home/nvidia/proknee_ws/build/my_robot_base' returned '0': CMAKE_PREFIX_PATH=/opt/ros/humble /usr/bin/cmake /home/nvidia/proknee_ws/src/my_robot_base -DAMENT_CMAKE_SYMLINK_INSTALL=1 -DCMAKE_INSTALL_PREFIX=/home/nvidia/proknee_ws/install/my_robot_base
[1.086s] Invoking command in '/home/nvidia/proknee_ws/build/my_robot_base': CMAKE_PREFIX_PATH=/opt/ros/humble /usr/bin/cmake --build /home/nvidia/proknee_ws/build/my_robot_base -- -j8 -l8
[1.171s] [35m[1mConsolidate compiler generated dependencies of target serial_comm_node[0m
[1.222s] [ 50%] [32m[1mLinking CXX executable serial_comm_node[0m
[2.147s] [100%] Built target serial_comm_node
[2.170s] Invoked command in '/home/nvidia/proknee_ws/build/my_robot_base' returned '0': CMAKE_PREFIX_PATH=/opt/ros/humble /usr/bin/cmake --build /home/nvidia/proknee_ws/build/my_robot_base -- -j8 -l8
[2.193s] Invoking command in '/home/nvidia/proknee_ws/build/my_robot_base': CMAKE_PREFIX_PATH=/opt/ros/humble /usr/bin/cmake --install /home/nvidia/proknee_ws/build/my_robot_base
[2.208s] -- Install configuration: ""
[2.209s] -- Execute custom install script
[2.210s] -- Symlinking: /home/nvidia/proknee_ws/install/my_robot_base/lib/my_robot_base/serial_comm_node
[2.227s] -- Symlinking: /home/nvidia/proknee_ws/install/my_robot_base/lib/my_robot_base/angle_planner.py
[2.244s] -- Symlinking: /home/nvidia/proknee_ws/install/my_robot_base/lib/my_robot_base/keyboard_motion_mode.py
[2.261s] -- Symlinking: /home/nvidia/proknee_ws/install/my_robot_base/share/ament_index/resource_index/package_run_dependencies/my_robot_base
[2.278s] -- Symlinking: /home/nvidia/proknee_ws/install/my_robot_base/share/ament_index/resource_index/parent_prefix_path/my_robot_base
[2.297s] -- Symlinking: /home/nvidia/proknee_ws/install/my_robot_base/share/my_robot_base/environment/ament_prefix_path.sh
[2.318s] -- Symlinking: /home/nvidia/proknee_ws/install/my_robot_base/share/my_robot_base/environment/ament_prefix_path.dsv
[2.338s] -- Symlinking: /home/nvidia/proknee_ws/install/my_robot_base/share/my_robot_base/environment/path.sh
[2.358s] -- Symlinking: /home/nvidia/proknee_ws/install/my_robot_base/share/my_robot_base/environment/path.dsv
[2.377s] -- Symlinking: /home/nvidia/proknee_ws/install/my_robot_base/share/my_robot_base/local_setup.bash
[2.394s] -- Symlinking: /home/nvidia/proknee_ws/install/my_robot_base/share/my_robot_base/local_setup.sh
[2.412s] -- Symlinking: /home/nvidia/proknee_ws/install/my_robot_base/share/my_robot_base/local_setup.zsh
[2.429s] -- Symlinking: /home/nvidia/proknee_ws/install/my_robot_base/share/my_robot_base/local_setup.dsv
[2.449s] -- Symlinking: /home/nvidia/proknee_ws/install/my_robot_base/share/my_robot_base/package.dsv
[2.468s] -- Symlinking: /home/nvidia/proknee_ws/install/my_robot_base/share/ament_index/resource_index/packages/my_robot_base
[2.486s] -- Symlinking: /home/nvidia/proknee_ws/install/my_robot_base/share/my_robot_base/cmake/my_robot_baseConfig.cmake
[2.503s] -- Symlinking: /home/nvidia/proknee_ws/install/my_robot_base/share/my_robot_base/cmake/my_robot_baseConfig-version.cmake
[2.521s] -- Symlinking: /home/nvidia/proknee_ws/install/my_robot_base/share/my_robot_base/package.xml
[2.546s] Invoked command in '/home/nvidia/proknee_ws/build/my_robot_base' returned '0': CMAKE_PREFIX_PATH=/opt/ros/humble /usr/bin/cmake --install /home/nvidia/proknee_ws/build/my_robot_base
