[0.019s] Invoking command in '/home/nvidia/proknee_ws/build/my_robot_base': CMAKE_PREFIX_PATH=/opt/ros/humble /usr/bin/cmake --build /home/nvidia/proknee_ws/build/my_robot_base -- -j8 -l8
[0.093s] -- Found ament_cmake: 1.3.12 (/opt/ros/humble/share/ament_cmake/cmake)
[0.338s] -- Override CMake install command with custom implementation using symlinks instead of copying resources
[0.367s] -- Found rclcpp: 16.0.15 (/opt/ros/humble/share/rclcpp/cmake)
[0.444s] -- Found rosidl_generator_c: 3.1.7 (/opt/ros/humble/share/rosidl_generator_c/cmake)
[0.450s] -- Found rosidl_adapter: 3.1.7 (/opt/ros/humble/share/rosidl_adapter/cmake)
[0.463s] -- Found rosidl_generator_cpp: 3.1.7 (/opt/ros/humble/share/rosidl_generator_cpp/cmake)
[0.483s] -- Using all available rosidl_typesupport_c: rosidl_typesupport_fastrtps_c;rosidl_typesupport_introspection_c
[0.506s] -- Using all available rosidl_typesupport_cpp: rosidl_typesupport_fastrtps_cpp;rosidl_typesupport_introspection_cpp
[0.569s] -- Found rmw_implementation_cmake: 6.1.2 (/opt/ros/humble/share/rmw_implementation_cmake/cmake)
[0.572s] -- Found rmw_fastrtps_cpp: 6.2.9 (/opt/ros/humble/share/rmw_fastrtps_cpp/cmake)
[0.743s] -- Using RMW implementation 'rmw_fastrtps_cpp' as default
[0.837s] -- Found serial_driver: 1.2.0 (/opt/ros/humble/share/serial_driver/cmake)
[0.868s] -- Found asio_cmake_module: 1.2.0 (/opt/ros/humble/share/asio_cmake_module/cmake)
[0.945s] -- Found sensor_msgs: 4.9.0 (/opt/ros/humble/share/sensor_msgs/cmake)
[1.173s] -- Configuring done
[1.271s] -- Generating done
[1.281s] -- Build files have been written to: /home/nvidia/proknee_ws/build/my_robot_base
[1.385s] [35m[1mConsolidate compiler generated dependencies of target serial_comm_node[0m
[1.428s] [ 50%] [32mBuilding CXX object CMakeFiles/serial_comm_node.dir/src/serial_comm_node.cpp.o[0m
[30.226s] [100%] [32m[1mLinking CXX executable serial_comm_node[0m
[32.080s] [100%] Built target serial_comm_node
[32.105s] Invoked command in '/home/nvidia/proknee_ws/build/my_robot_base' returned '0': CMAKE_PREFIX_PATH=/opt/ros/humble /usr/bin/cmake --build /home/nvidia/proknee_ws/build/my_robot_base -- -j8 -l8
[32.124s] Invoking command in '/home/nvidia/proknee_ws/build/my_robot_base': CMAKE_PREFIX_PATH=/opt/ros/humble /usr/bin/cmake --install /home/nvidia/proknee_ws/build/my_robot_base
[32.142s] -- Install configuration: ""
[32.142s] -- Execute custom install script
[32.143s] -- Up-to-date symlink: /home/nvidia/proknee_ws/install/my_robot_base/lib/my_robot_base/serial_comm_node
[32.143s] -- Up-to-date symlink: /home/nvidia/proknee_ws/install/my_robot_base/share/ament_index/resource_index/package_run_dependencies/my_robot_base
[32.143s] -- Up-to-date symlink: /home/nvidia/proknee_ws/install/my_robot_base/share/ament_index/resource_index/parent_prefix_path/my_robot_base
[32.144s] -- Up-to-date symlink: /home/nvidia/proknee_ws/install/my_robot_base/share/my_robot_base/environment/ament_prefix_path.sh
[32.144s] -- Up-to-date symlink: /home/nvidia/proknee_ws/install/my_robot_base/share/my_robot_base/environment/ament_prefix_path.dsv
[32.144s] -- Up-to-date symlink: /home/nvidia/proknee_ws/install/my_robot_base/share/my_robot_base/environment/path.sh
[32.144s] -- Up-to-date symlink: /home/nvidia/proknee_ws/install/my_robot_base/share/my_robot_base/environment/path.dsv
[32.145s] -- Up-to-date symlink: /home/nvidia/proknee_ws/install/my_robot_base/share/my_robot_base/local_setup.bash
[32.145s] -- Up-to-date symlink: /home/nvidia/proknee_ws/install/my_robot_base/share/my_robot_base/local_setup.sh
[32.145s] -- Up-to-date symlink: /home/nvidia/proknee_ws/install/my_robot_base/share/my_robot_base/local_setup.zsh
[32.145s] -- Up-to-date symlink: /home/nvidia/proknee_ws/install/my_robot_base/share/my_robot_base/local_setup.dsv
[32.146s] -- Symlinking: /home/nvidia/proknee_ws/install/my_robot_base/share/my_robot_base/package.dsv
[32.164s] -- Up-to-date symlink: /home/nvidia/proknee_ws/install/my_robot_base/share/ament_index/resource_index/packages/my_robot_base
[32.164s] -- Up-to-date symlink: /home/nvidia/proknee_ws/install/my_robot_base/share/my_robot_base/cmake/my_robot_baseConfig.cmake
[32.165s] -- Up-to-date symlink: /home/nvidia/proknee_ws/install/my_robot_base/share/my_robot_base/cmake/my_robot_baseConfig-version.cmake
[32.165s] -- Up-to-date symlink: /home/nvidia/proknee_ws/install/my_robot_base/share/my_robot_base/package.xml
[32.165s] -- Up-to-date: /home/nvidia/proknee_ws/install/my_robot_base/lib/my_robot_base/angle_planner
[32.165s] -- Up-to-date: /home/nvidia/proknee_ws/install/my_robot_base/lib/my_robot_base/keyboard_motion_mode
[32.170s] Invoked command in '/home/nvidia/proknee_ws/build/my_robot_base' returned '0': CMAKE_PREFIX_PATH=/opt/ros/humble /usr/bin/cmake --install /home/nvidia/proknee_ws/build/my_robot_base
