[0.017s] Invoking command in '/home/nvidia/proknee_ws/build/my_robot_base': CMAKE_PREFIX_PATH=/opt/ros/humble /usr/bin/cmake --build /home/nvidia/proknee_ws/build/my_robot_base -- -j8 -l8
[0.068s] -- Found ament_cmake: 1.3.12 (/opt/ros/humble/share/ament_cmake/cmake)
[0.317s] -- Found rclcpp: 16.0.15 (/opt/ros/humble/share/rclcpp/cmake)
[0.368s] -- Found rosidl_generator_c: 3.1.7 (/opt/ros/humble/share/rosidl_generator_c/cmake)
[0.372s] -- Found rosidl_adapter: 3.1.7 (/opt/ros/humble/share/rosidl_adapter/cmake)
[0.381s] -- Found rosidl_generator_cpp: 3.1.7 (/opt/ros/humble/share/rosidl_generator_cpp/cmake)
[0.395s] -- Using all available rosidl_typesupport_c: rosidl_typesupport_fastrtps_c;rosidl_typesupport_introspection_c
[0.414s] -- Using all available rosidl_typesupport_cpp: rosidl_typesupport_fastrtps_cpp;rosidl_typesupport_introspection_cpp
[0.462s] -- Found rmw_implementation_cmake: 6.1.2 (/opt/ros/humble/share/rmw_implementation_cmake/cmake)
[0.464s] -- Found rmw_fastrtps_cpp: 6.2.9 (/opt/ros/humble/share/rmw_fastrtps_cpp/cmake)
[0.614s] -- Using RMW implementation 'rmw_fastrtps_cpp' as default
[0.689s] -- Found serial_driver: 1.2.0 (/opt/ros/humble/share/serial_driver/cmake)
[0.712s] -- Found asio_cmake_module: 1.2.0 (/opt/ros/humble/share/asio_cmake_module/cmake)
[0.775s] -- Found sensor_msgs: 4.9.0 (/opt/ros/humble/share/sensor_msgs/cmake)
[0.948s] -- Configuring done
[0.984s] -- Generating done
[0.993s] -- Build files have been written to: /home/nvidia/proknee_ws/build/my_robot_base
[1.053s] [35m[1mConsolidate compiler generated dependencies of target serial_comm_node[0m
[1.089s] [ 50%] [32mBuilding CXX object CMakeFiles/serial_comm_node.dir/src/serial_comm_node.cpp.o[0m
[7.361s] [01m[K/home/nvidia/proknee_ws/src/my_robot_base/src/serial_comm_node.cpp:[m[K In constructor ‘[01m[Kdrivers::serial_driver::SerialCommNode::SerialCommNode()[m[K’:
[7.361s] [01m[K/home/nvidia/proknee_ws/src/my_robot_base/src/serial_comm_node.cpp:26:62:[m[K [01;31m[Kerror: [m[K‘[01m[KBaudRate[m[K’ in namespace ‘[01m[Kdrivers::serial_driver[m[K’ does not name a type
[7.361s]    26 |         auto baud_rate = static_cast<drivers::serial_driver::[01;31m[KBaudRate[m[K>(this->get_parameter("baudrate").as_int());
[7.361s]       |                                                              [01;31m[K^~~~~~~~[m[K
[7.362s] In file included from [01m[K/opt/ros/humble/include/rclcpp/rclcpp/logging.hpp:24[m[K,
[7.362s]                  from [01m[K/opt/ros/humble/include/rclcpp/rclcpp/client.hpp:40[m[K,
[7.362s]                  from [01m[K/opt/ros/humble/include/rclcpp/rclcpp/callback_group.hpp:24[m[K,
[7.362s]                  from [01m[K/opt/ros/humble/include/rclcpp/rclcpp/any_executable.hpp:20[m[K,
[7.363s]                  from [01m[K/opt/ros/humble/include/rclcpp/rclcpp/memory_strategy.hpp:25[m[K,
[7.363s]                  from [01m[K/opt/ros/humble/include/rclcpp/rclcpp/memory_strategies.hpp:18[m[K,
[7.363s]                  from [01m[K/opt/ros/humble/include/rclcpp/rclcpp/executor_options.hpp:20[m[K,
[7.363s]                  from [01m[K/opt/ros/humble/include/rclcpp/rclcpp/executor.hpp:37[m[K,
[7.363s]                  from [01m[K/opt/ros/humble/include/rclcpp/rclcpp/executors/multi_threaded_executor.hpp:25[m[K,
[7.363s]                  from [01m[K/opt/ros/humble/include/rclcpp/rclcpp/executors.hpp:21[m[K,
[7.363s]                  from [01m[K/opt/ros/humble/include/rclcpp/rclcpp/rclcpp.hpp:155[m[K,
[7.364s]                  from [01m[K/home/nvidia/proknee_ws/src/my_robot_base/src/serial_comm_node.cpp:1[m[K:
[7.364s] [01m[K/home/nvidia/proknee_ws/src/my_robot_base/src/serial_comm_node.cpp:32:41:[m[K [01;35m[Kwarning: [m[Kformat ‘[01m[K%d[m[K’ expects argument of type ‘[01m[Kint[m[K’, but argument 6 has type ‘[01m[Kint64_t[m[K’ {aka ‘[01m[Klong int[m[K’} [[01;35m[K]8;;https://gcc.gnu.org/onlinedocs/gcc/Warning-Options.html#index-Wformat=-Wformat=]8;;[m[K]
[7.364s]    32 |         RCLCPP_INFO(this->get_logger(), [01;35m[K"Connecting to serial port: %s at baudrate: %d"[m[K, port_name.c_str(), [32m[Kthis->get_parameter("baudrate").as_int()[m[K);
[7.364s]       |                                         [01;35m[K^~~~~~~~~~~~~~~~~~~~~~~~~~~~~~~~~~~~~~~~~~~~~~~[m[K                     [32m[K~~~~~~~~~~~~~~~~~~~~~~~~~~~~~~~~~~~~~~~~[m[K
[7.365s]       |                                                                                                                                                   [32m[K|[m[K
[7.365s]       |                                                                                                                                                   [32m[Kint64_t {aka long int}[m[K
[7.365s] [01m[K/home/nvidia/proknee_ws/src/my_robot_base/src/serial_comm_node.cpp:32:86:[m[K [01;36m[Knote: [m[Kformat string is defined here
[7.366s]    32 |         RCLCPP_INFO(this->get_logger(), "Connecting to serial port: %s at baudrate: [01;36m[K%d[m[K", port_name.c_str(), this->get_parameter("baudrate").as_int());
[7.366s]       |                                                                                     [01;36m[K~^[m[K
[7.366s]       |                                                                                      [01;36m[K|[m[K
[7.366s]       |                                                                                      [01;36m[Kint[m[K
[7.366s]       |                                                                                     [32m[K%ld[m[K
[7.367s] [01m[K/home/nvidia/proknee_ws/src/my_robot_base/src/serial_comm_node.cpp:43:23:[m[K [01;31m[Kerror: [m[K‘[01m[Kclass drivers::serial_driver::SerialDriver[m[K’ has no member named ‘[01m[Kopen[m[K’
[7.367s]    43 |             m_driver->[01;31m[Kopen[m[K();
[7.367s]       |                       [01;31m[K^~~~[m[K
[7.404s] [01m[K/home/nvidia/proknee_ws/src/my_robot_base/src/serial_comm_node.cpp:[m[K In destructor ‘[01m[Kvirtual drivers::serial_driver::SerialCommNode::~SerialCommNode()[m[K’:
[7.405s] [01m[K/home/nvidia/proknee_ws/src/my_robot_base/src/serial_comm_node.cpp:69:35:[m[K [01;31m[Kerror: [m[K‘[01m[Kclass drivers::serial_driver::SerialDriver[m[K’ has no member named ‘[01m[Kis_open[m[K’
[7.405s]    69 |         if (m_driver && m_driver->[01;31m[Kis_open[m[K()) {
[7.405s]       |                                   [01;31m[K^~~~~~~[m[K
[7.405s] [01m[K/home/nvidia/proknee_ws/src/my_robot_base/src/serial_comm_node.cpp:70:23:[m[K [01;31m[Kerror: [m[K‘[01m[Kclass drivers::serial_driver::SerialDriver[m[K’ has no member named ‘[01m[Kclose[m[K’
[7.405s]    70 |             m_driver->[01;31m[Kclose[m[K();
[7.405s]       |                       [01;31m[K^~~~~[m[K
[7.411s] [01m[K/home/nvidia/proknee_ws/src/my_robot_base/src/serial_comm_node.cpp:[m[K In member function ‘[01m[Kvoid drivers::serial_driver::SerialCommNode::write_to_serial(std::shared_ptr<std_msgs::msg::String_<std::allocator<void> > >)[m[K’:
[7.411s] [01m[K/home/nvidia/proknee_ws/src/my_robot_base/src/serial_comm_node.cpp:81:23:[m[K [01;31m[Kerror: [m[K‘[01m[Kclass drivers::serial_driver::SerialDriver[m[K’ has no member named ‘[01m[Kwrite[m[K’
[7.411s]    81 |             m_driver->[01;31m[Kwrite[m[K(data);
[7.411s]       |                       [01;31m[K^~~~~[m[K
[7.413s] [01m[K/home/nvidia/proknee_ws/src/my_robot_base/src/serial_comm_node.cpp:[m[K In member function ‘[01m[Kvoid drivers::serial_driver::SerialCommNode::read_from_serial()[m[K’:
[7.413s] [01m[K/home/nvidia/proknee_ws/src/my_robot_base/src/serial_comm_node.cpp:93:23:[m[K [01;31m[Kerror: [m[K‘[01m[Kclass drivers::serial_driver::SerialDriver[m[K’ has no member named ‘[01m[Kread[m[K’
[7.413s]    93 |             m_driver->[01;31m[Kread[m[K(buffer);
[7.413s]       |                       [01;31m[K^~~~[m[K
[13.042s] gmake[2]: *** [CMakeFiles/serial_comm_node.dir/build.make:76: CMakeFiles/serial_comm_node.dir/src/serial_comm_node.cpp.o] Error 1
[13.043s] gmake[1]: *** [CMakeFiles/Makefile2:137: CMakeFiles/serial_comm_node.dir/all] Error 2
[13.043s] gmake: *** [Makefile:146: all] Error 2
[13.049s] Invoked command in '/home/nvidia/proknee_ws/build/my_robot_base' returned '2': CMAKE_PREFIX_PATH=/opt/ros/humble /usr/bin/cmake --build /home/nvidia/proknee_ws/build/my_robot_base -- -j8 -l8
