[0.021s] Invoking command in '/home/nvidia/proknee_ws/build/my_robot_base': CMAKE_PREFIX_PATH=/opt/ros/humble /usr/bin/cmake --build /home/nvidia/proknee_ws/build/my_robot_base -- -j8 -l8
[0.098s] [35m[1mConsolidate compiler generated dependencies of target serial_comm_node[0m
[0.143s] [ 50%] [32mBuilding CXX object CMakeFiles/serial_comm_node.dir/src/serial_comm_node.cpp.o[0m
[28.960s] [100%] [32m[1mLinking CXX executable serial_comm_node[0m
[30.708s] [100%] Built target serial_comm_node
[30.735s] Invoked command in '/home/nvidia/proknee_ws/build/my_robot_base' returned '0': CMAKE_PREFIX_PATH=/opt/ros/humble /usr/bin/cmake --build /home/nvidia/proknee_ws/build/my_robot_base -- -j8 -l8
[30.761s] Invoking command in '/home/nvidia/proknee_ws/build/my_robot_base': CMAKE_PREFIX_PATH=/opt/ros/humble /usr/bin/cmake --install /home/nvidia/proknee_ws/build/my_robot_base
[30.776s] -- Install configuration: ""
[30.777s] -- Execute custom install script
[30.778s] -- Up-to-date symlink: /home/nvidia/proknee_ws/install/my_robot_base/lib/my_robot_base/serial_comm_node
[30.778s] -- Up-to-date symlink: /home/nvidia/proknee_ws/install/my_robot_base/share/ament_index/resource_index/package_run_dependencies/my_robot_base
[30.778s] -- Up-to-date symlink: /home/nvidia/proknee_ws/install/my_robot_base/share/ament_index/resource_index/parent_prefix_path/my_robot_base
[30.779s] -- Up-to-date symlink: /home/nvidia/proknee_ws/install/my_robot_base/share/my_robot_base/environment/ament_prefix_path.sh
[30.779s] -- Up-to-date symlink: /home/nvidia/proknee_ws/install/my_robot_base/share/my_robot_base/environment/ament_prefix_path.dsv
[30.779s] -- Up-to-date symlink: /home/nvidia/proknee_ws/install/my_robot_base/share/my_robot_base/environment/path.sh
[30.779s] -- Up-to-date symlink: /home/nvidia/proknee_ws/install/my_robot_base/share/my_robot_base/environment/path.dsv
[30.780s] -- Up-to-date symlink: /home/nvidia/proknee_ws/install/my_robot_base/share/my_robot_base/local_setup.bash
[30.781s] -- Up-to-date symlink: /home/nvidia/proknee_ws/install/my_robot_base/share/my_robot_base/local_setup.sh
[30.781s] -- Up-to-date symlink: /home/nvidia/proknee_ws/install/my_robot_base/share/my_robot_base/local_setup.zsh
[30.781s] -- Up-to-date symlink: /home/nvidia/proknee_ws/install/my_robot_base/share/my_robot_base/local_setup.dsv
[30.781s] -- Symlinking: /home/nvidia/proknee_ws/install/my_robot_base/share/my_robot_base/package.dsv
[30.800s] -- Up-to-date symlink: /home/nvidia/proknee_ws/install/my_robot_base/share/ament_index/resource_index/packages/my_robot_base
[30.800s] -- Up-to-date symlink: /home/nvidia/proknee_ws/install/my_robot_base/share/my_robot_base/cmake/my_robot_baseConfig.cmake
[30.800s] -- Up-to-date symlink: /home/nvidia/proknee_ws/install/my_robot_base/share/my_robot_base/cmake/my_robot_baseConfig-version.cmake
[30.800s] -- Up-to-date symlink: /home/nvidia/proknee_ws/install/my_robot_base/share/my_robot_base/package.xml
[30.801s] -- Installing: /home/nvidia/proknee_ws/install/my_robot_base/lib/my_robot_base/angle_planner
[30.801s] -- Up-to-date: /home/nvidia/proknee_ws/install/my_robot_base/lib/my_robot_base/keyboard_motion_mode
[30.806s] Invoked command in '/home/nvidia/proknee_ws/build/my_robot_base' returned '0': CMAKE_PREFIX_PATH=/opt/ros/humble /usr/bin/cmake --install /home/nvidia/proknee_ws/build/my_robot_base
